TN:
SF:server.js
FN:39,(anonymous_0)
FN:47,(anonymous_1)
FN:55,(anonymous_2)
FN:73,(anonymous_3)
FN:92,(anonymous_4)
FN:93,(anonymous_5)
FN:94,(anonymous_6)
FN:98,(anonymous_7)
FN:112,(anonymous_8)
FN:121,(anonymous_9)
FN:128,(anonymous_10)
FN:140,(anonymous_11)
FN:157,(anonymous_12)
FN:167,(anonymous_13)
FN:177,(anonymous_14)
FN:207,(anonymous_15)
FN:213,(anonymous_16)
FN:234,(anonymous_17)
FN:250,(anonymous_18)
FN:260,(anonymous_19)
FN:272,(anonymous_20)
FN:280,(anonymous_21)
FN:310,(anonymous_22)
FN:347,(anonymous_23)
FN:401,(anonymous_24)
FN:424,(anonymous_25)
FN:429,(anonymous_26)
FN:446,(anonymous_27)
FN:451,(anonymous_28)
FN:454,(anonymous_29)
FN:457,(anonymous_30)
FN:460,(anonymous_31)
FN:463,(anonymous_32)
FN:466,(anonymous_33)
FN:472,(anonymous_34)
FN:475,(anonymous_35)
FN:478,(anonymous_36)
FN:481,(anonymous_37)
FN:484,(anonymous_38)
FN:487,(anonymous_39)
FN:490,(anonymous_40)
FN:491,(anonymous_41)
FN:496,(anonymous_42)
FN:513,(anonymous_43)
FN:543,(anonymous_44)
FN:568,(anonymous_45)
FN:589,(anonymous_46)
FN:640,(anonymous_47)
FN:658,(anonymous_48)
FN:659,(anonymous_49)
FN:670,(anonymous_50)
FN:684,(anonymous_51)
FN:689,(anonymous_52)
FN:694,(anonymous_53)
FN:708,(anonymous_54)
FN:725,(anonymous_55)
FN:749,(anonymous_56)
FN:778,(anonymous_57)
FN:809,(anonymous_58)
FN:826,(anonymous_59)
FN:832,(anonymous_60)
FN:868,(anonymous_61)
FN:881,(anonymous_62)
FN:891,(anonymous_63)
FN:932,(anonymous_64)
FN:955,(anonymous_65)
FN:980,(anonymous_66)
FN:1006,(anonymous_67)
FN:1028,(anonymous_68)
FN:1089,(anonymous_69)
FN:1105,(anonymous_70)
FN:1143,(anonymous_71)
FN:1170,(anonymous_72)
FN:1197,(anonymous_73)
FN:1228,(anonymous_74)
FN:1231,(anonymous_75)
FN:1250,(anonymous_76)
FN:1282,(anonymous_77)
FN:1302,(anonymous_78)
FN:1334,(anonymous_79)
FN:1337,(anonymous_80)
FN:1342,(anonymous_81)
FN:1352,(anonymous_82)
FN:1374,(anonymous_83)
FN:1401,(anonymous_84)
FN:1423,(anonymous_85)
FN:1439,(anonymous_86)
FN:1462,(anonymous_87)
FN:1485,(anonymous_88)
FN:1508,(anonymous_89)
FN:1548,(anonymous_90)
FN:1565,(anonymous_91)
FN:1593,(anonymous_92)
FN:1611,(anonymous_93)
FN:1639,(anonymous_94)
FN:1689,(anonymous_95)
FN:1694,(anonymous_96)
FN:1710,(anonymous_97)
FN:1724,(anonymous_98)
FN:1744,(anonymous_99)
FN:1765,(anonymous_100)
FN:1774,(anonymous_101)
FN:1789,(anonymous_102)
FN:1798,(anonymous_103)
FN:1812,(anonymous_104)
FN:1836,(anonymous_105)
FN:1865,(anonymous_106)
FN:1880,(anonymous_107)
FN:1903,(anonymous_108)
FN:1904,(anonymous_109)
FN:1919,(anonymous_110)
FN:1941,(anonymous_111)
FN:1950,(anonymous_112)
FN:1971,(anonymous_113)
FN:1987,(anonymous_114)
FN:1988,(anonymous_115)
FN:2000,(anonymous_116)
FN:2005,(anonymous_117)
FN:2011,(anonymous_118)
FN:2024,(anonymous_119)
FN:2042,(anonymous_120)
FN:2060,(anonymous_121)
FN:2107,(anonymous_122)
FN:2109,(anonymous_123)
FN:2115,(anonymous_124)
FN:2117,(anonymous_125)
FNF:126
FNH:0
FNDA:0,(anonymous_0)
FNDA:0,(anonymous_1)
FNDA:0,(anonymous_2)
FNDA:0,(anonymous_3)
FNDA:0,(anonymous_4)
FNDA:0,(anonymous_5)
FNDA:0,(anonymous_6)
FNDA:0,(anonymous_7)
FNDA:0,(anonymous_8)
FNDA:0,(anonymous_9)
FNDA:0,(anonymous_10)
FNDA:0,(anonymous_11)
FNDA:0,(anonymous_12)
FNDA:0,(anonymous_13)
FNDA:0,(anonymous_14)
FNDA:0,(anonymous_15)
FNDA:0,(anonymous_16)
FNDA:0,(anonymous_17)
FNDA:0,(anonymous_18)
FNDA:0,(anonymous_19)
FNDA:0,(anonymous_20)
FNDA:0,(anonymous_21)
FNDA:0,(anonymous_22)
FNDA:0,(anonymous_23)
FNDA:0,(anonymous_24)
FNDA:0,(anonymous_25)
FNDA:0,(anonymous_26)
FNDA:0,(anonymous_27)
FNDA:0,(anonymous_28)
FNDA:0,(anonymous_29)
FNDA:0,(anonymous_30)
FNDA:0,(anonymous_31)
FNDA:0,(anonymous_32)
FNDA:0,(anonymous_33)
FNDA:0,(anonymous_34)
FNDA:0,(anonymous_35)
FNDA:0,(anonymous_36)
FNDA:0,(anonymous_37)
FNDA:0,(anonymous_38)
FNDA:0,(anonymous_39)
FNDA:0,(anonymous_40)
FNDA:0,(anonymous_41)
FNDA:0,(anonymous_42)
FNDA:0,(anonymous_43)
FNDA:0,(anonymous_44)
FNDA:0,(anonymous_45)
FNDA:0,(anonymous_46)
FNDA:0,(anonymous_47)
FNDA:0,(anonymous_48)
FNDA:0,(anonymous_49)
FNDA:0,(anonymous_50)
FNDA:0,(anonymous_51)
FNDA:0,(anonymous_52)
FNDA:0,(anonymous_53)
FNDA:0,(anonymous_54)
FNDA:0,(anonymous_55)
FNDA:0,(anonymous_56)
FNDA:0,(anonymous_57)
FNDA:0,(anonymous_58)
FNDA:0,(anonymous_59)
FNDA:0,(anonymous_60)
FNDA:0,(anonymous_61)
FNDA:0,(anonymous_62)
FNDA:0,(anonymous_63)
FNDA:0,(anonymous_64)
FNDA:0,(anonymous_65)
FNDA:0,(anonymous_66)
FNDA:0,(anonymous_67)
FNDA:0,(anonymous_68)
FNDA:0,(anonymous_69)
FNDA:0,(anonymous_70)
FNDA:0,(anonymous_71)
FNDA:0,(anonymous_72)
FNDA:0,(anonymous_73)
FNDA:0,(anonymous_74)
FNDA:0,(anonymous_75)
FNDA:0,(anonymous_76)
FNDA:0,(anonymous_77)
FNDA:0,(anonymous_78)
FNDA:0,(anonymous_79)
FNDA:0,(anonymous_80)
FNDA:0,(anonymous_81)
FNDA:0,(anonymous_82)
FNDA:0,(anonymous_83)
FNDA:0,(anonymous_84)
FNDA:0,(anonymous_85)
FNDA:0,(anonymous_86)
FNDA:0,(anonymous_87)
FNDA:0,(anonymous_88)
FNDA:0,(anonymous_89)
FNDA:0,(anonymous_90)
FNDA:0,(anonymous_91)
FNDA:0,(anonymous_92)
FNDA:0,(anonymous_93)
FNDA:0,(anonymous_94)
FNDA:0,(anonymous_95)
FNDA:0,(anonymous_96)
FNDA:0,(anonymous_97)
FNDA:0,(anonymous_98)
FNDA:0,(anonymous_99)
FNDA:0,(anonymous_100)
FNDA:0,(anonymous_101)
FNDA:0,(anonymous_102)
FNDA:0,(anonymous_103)
FNDA:0,(anonymous_104)
FNDA:0,(anonymous_105)
FNDA:0,(anonymous_106)
FNDA:0,(anonymous_107)
FNDA:0,(anonymous_108)
FNDA:0,(anonymous_109)
FNDA:0,(anonymous_110)
FNDA:0,(anonymous_111)
FNDA:0,(anonymous_112)
FNDA:0,(anonymous_113)
FNDA:0,(anonymous_114)
FNDA:0,(anonymous_115)
FNDA:0,(anonymous_116)
FNDA:0,(anonymous_117)
FNDA:0,(anonymous_118)
FNDA:0,(anonymous_119)
FNDA:0,(anonymous_120)
FNDA:0,(anonymous_121)
FNDA:0,(anonymous_122)
FNDA:0,(anonymous_123)
FNDA:0,(anonymous_124)
FNDA:0,(anonymous_125)
DA:20,0
DA:23,0
DA:31,0
DA:33,0
DA:34,0
DA:35,0
DA:40,0
DA:41,0
DA:42,0
DA:43,0
DA:48,0
DA:49,0
DA:51,0
DA:56,0
DA:57,0
DA:66,0
DA:67,0
DA:70,0
DA:71,0
DA:73,0
DA:74,0
DA:75,0
DA:77,0
DA:80,0
DA:81,0
DA:82,0
DA:84,0
DA:88,0
DA:93,0
DA:94,0
DA:95,0
DA:98,0
DA:99,0
DA:100,0
DA:101,0
DA:102,0
DA:104,0
DA:107,0
DA:113,0
DA:114,0
DA:115,0
DA:116,0
DA:122,0
DA:129,0
DA:134,0
DA:135,0
DA:136,0
DA:141,0
DA:147,0
DA:153,0
DA:158,0
DA:159,0
DA:160,0
DA:162,0
DA:168,0
DA:169,0
DA:178,0
DA:179,0
DA:185,0
DA:186,0
DA:187,0
DA:190,0
DA:191,0
DA:193,0
DA:194,0
DA:195,0
DA:198,0
DA:199,0
DA:208,0
DA:209,0
DA:210,0
DA:212,0
DA:213,0
DA:215,0
DA:216,0
DA:223,0
DA:224,0
DA:226,0
DA:235,0
DA:243,0
DA:244,0
DA:246,0
DA:251,0
DA:252,0
DA:254,0
DA:255,0
DA:261,0
DA:262,0
DA:264,0
DA:265,0
DA:273,0
DA:274,0
DA:275,0
DA:276,0
DA:281,0
DA:282,0
DA:292,0
DA:295,0
DA:306,0
DA:311,0
DA:312,0
DA:314,0
DA:315,0
DA:316,0
DA:317,0
DA:319,0
DA:320,0
DA:321,0
DA:330,0
DA:331,0
DA:342,0
DA:343,0
DA:348,0
DA:349,0
DA:351,0
DA:352,0
DA:353,0
DA:354,0
DA:363,0
DA:367,0
DA:369,0
DA:370,0
DA:371,0
DA:372,0
DA:374,0
DA:384,0
DA:386,0
DA:387,0
DA:396,0
DA:402,0
DA:403,0
DA:405,0
DA:406,0
DA:407,0
DA:409,0
DA:420,0
DA:425,0
DA:430,0
DA:435,0
DA:436,0
DA:437,0
DA:438,0
DA:439,0
DA:442,0
DA:443,0
DA:447,0
DA:448,0
DA:449,0
DA:452,0
DA:455,0
DA:458,0
DA:461,0
DA:464,0
DA:467,0
DA:473,0
DA:476,0
DA:479,0
DA:482,0
DA:485,0
DA:488,0
DA:492,0
DA:496,0
DA:497,0
DA:498,0
DA:502,0
DA:513,0
DA:514,0
DA:515,0
DA:516,0
DA:518,0
DA:526,0
DA:527,0
DA:528,0
DA:533,0
DA:539,0
DA:543,0
DA:544,0
DA:545,0
DA:546,0
DA:548,0
DA:549,0
DA:550,0
DA:552,0
DA:556,0
DA:557,0
DA:560,0
DA:561,0
DA:562,0
DA:565,0
DA:566,0
DA:569,0
DA:580,0
DA:582,0
DA:590,0
DA:591,0
DA:592,0
DA:593,0
DA:595,0
DA:600,0
DA:601,0
DA:602,0
DA:614,0
DA:620,0
DA:626,0
DA:627,0
DA:628,0
DA:629,0
DA:632,0
DA:633,0
DA:634,0
DA:635,0
DA:636,0
DA:640,0
DA:641,0
DA:642,0
DA:644,0
DA:645,0
DA:648,0
DA:649,0
DA:650,0
DA:653,0
DA:654,0
DA:658,0
DA:659,0
DA:660,0
DA:661,0
DA:663,0
DA:670,0
DA:671,0
DA:672,0
DA:684,0
DA:685,0
DA:689,0
DA:690,0
DA:694,0
DA:695,0
DA:696,0
DA:697,0
DA:700,0
DA:701,0
DA:708,0
DA:709,0
DA:725,0
DA:727,0
DA:749,0
DA:751,0
DA:778,0
DA:779,0
DA:809,0
DA:810,0
DA:826,0
DA:832,0
DA:833,0
DA:834,0
DA:835,0
DA:838,0
DA:868,0
DA:869,0
DA:870,0
DA:871,0
DA:874,0
DA:876,0
DA:881,0
DA:891,0
DA:892,0
DA:932,0
DA:933,0
DA:934,0
DA:935,0
DA:938,0
DA:939,0
DA:940,0
DA:947,0
DA:955,0
DA:956,0
DA:957,0
DA:958,0
DA:961,0
DA:962,0
DA:963,0
DA:969,0
DA:977,0
DA:981,0
DA:982,0
DA:983,0
DA:986,0
DA:987,0
DA:988,0
DA:994,0
DA:1006,0
DA:1008,0
DA:1028,0
DA:1029,0
DA:1030,0
DA:1032,0
DA:1033,0
DA:1035,0
DA:1036,0
DA:1041,0
DA:1042,0
DA:1045,0
DA:1050,0
DA:1060,0
DA:1064,0
DA:1070,0
DA:1074,0
DA:1080,0
DA:1081,0
DA:1089,0
DA:1090,0
DA:1092,0
DA:1093,0
DA:1094,0
DA:1098,0
DA:1099,0
DA:1101,0
DA:1105,0
DA:1106,0
DA:1107,0
DA:1110,0
DA:1111,0
DA:1117,0
DA:1119,0
DA:1124,0
DA:1130,0
DA:1131,0
DA:1143,0
DA:1144,0
DA:1145,0
DA:1146,0
DA:1148,0
DA:1154,0
DA:1159,0
DA:1165,0
DA:1170,0
DA:1171,0
DA:1172,0
DA:1174,0
DA:1175,0
DA:1179,0
DA:1183,0
DA:1186,0
DA:1197,0
DA:1198,0
DA:1199,0
DA:1200,0
DA:1202,0
DA:1204,0
DA:1209,0
DA:1210,0
DA:1212,0
DA:1215,0
DA:1224,0
DA:1229,0
DA:1230,0
DA:1231,0
DA:1246,0
DA:1251,0
DA:1252,0
DA:1253,0
DA:1255,0
DA:1261,0
DA:1266,0
DA:1267,0
DA:1269,0
DA:1272,0
DA:1282,0
DA:1283,0
DA:1284,0
DA:1286,0
DA:1293,0
DA:1294,0
DA:1302,0
DA:1303,0
DA:1319,0
DA:1325,0
DA:1326,0
DA:1334,0
DA:1335,0
DA:1336,0
DA:1337,0
DA:1340,0
DA:1343,0
DA:1344,0
DA:1352,0
DA:1353,0
DA:1354,0
DA:1356,0
DA:1357,0
DA:1358,0
DA:1362,0
DA:1370,0
DA:1375,0
DA:1376,0
DA:1378,0
DA:1379,0
DA:1381,0
DA:1387,0
DA:1388,0
DA:1397,0
DA:1402,0
DA:1403,0
DA:1405,0
DA:1418,0
DA:1424,0
DA:1425,0
DA:1434,0
DA:1440,0
DA:1441,0
DA:1442,0
DA:1444,0
DA:1449,0
DA:1451,0
DA:1457,0
DA:1463,0
DA:1464,0
DA:1465,0
DA:1467,0
DA:1472,0
DA:1474,0
DA:1480,0
DA:1486,0
DA:1487,0
DA:1488,0
DA:1490,0
DA:1495,0
DA:1497,0
DA:1503,0
DA:1509,0
DA:1510,0
DA:1511,0
DA:1517,0
DA:1524,0
DA:1525,0
DA:1532,0
DA:1534,0
DA:1544,0
DA:1549,0
DA:1550,0
DA:1552,0
DA:1561,0
DA:1566,0
DA:1567,0
DA:1569,0
DA:1570,0
DA:1571,0
DA:1572,0
DA:1574,0
DA:1579,0
DA:1581,0
DA:1583,0
DA:1589,0
DA:1594,0
DA:1595,0
DA:1596,0
DA:1598,0
DA:1600,0
DA:1602,0
DA:1608,0
DA:1612,0
DA:1613,0
DA:1615,0
DA:1616,0
DA:1617,0
DA:1620,0
DA:1623,0
DA:1625,0
DA:1626,0
DA:1635,0
DA:1640,0
DA:1669,0
DA:1681,0
DA:1682,0
DA:1683,0
DA:1684,0
DA:1687,0
DA:1689,0
DA:1691,0
DA:1694,0
DA:1695,0
DA:1698,0
DA:1707,0
DA:1710,0
DA:1711,0
DA:1724,0
DA:1725,0
DA:1730,0
DA:1732,0
DA:1741,0
DA:1744,0
DA:1745,0
DA:1758,0
DA:1765,0
DA:1766,0
DA:1768,0
DA:1774,0
DA:1775,0
DA:1789,0
DA:1790,0
DA:1792,0
DA:1798,0
DA:1799,0
DA:1812,0
DA:1813,0
DA:1815,0
DA:1819,0
DA:1820,0
DA:1823,0
DA:1825,0
DA:1831,0
DA:1834,0
DA:1836,0
DA:1837,0
DA:1842,0
DA:1850,0
DA:1855,0
DA:1865,0
DA:1866,0
DA:1871,0
DA:1880,0
DA:1881,0
DA:1883,0
DA:1887,0
DA:1888,0
DA:1891,0
DA:1893,0
DA:1899,0
DA:1902,0
DA:1903,0
DA:1904,0
DA:1905,0
DA:1906,0
DA:1907,0
DA:1914,0
DA:1919,0
DA:1920,0
DA:1927,0
DA:1932,0
DA:1941,0
DA:1942,0
DA:1946,0
DA:1949,0
DA:1950,0
DA:1951,0
DA:1952,0
DA:1953,0
DA:1963,0
DA:1971,0
DA:1972,0
DA:1976,0
DA:1977,0
DA:1980,0
DA:1982,0
DA:1987,0
DA:1988,0
DA:1989,0
DA:1990,0
DA:1991,0
DA:1996,0
DA:2000,0
DA:2001,0
DA:2002,0
DA:2005,0
DA:2006,0
DA:2007,0
DA:2011,0
DA:2012,0
DA:2024,0
DA:2025,0
DA:2029,0
DA:2042,0
DA:2043,0
DA:2044,0
DA:2045,0
DA:2047,0
DA:2050,0
DA:2051,0
DA:2052,0
DA:2053,0
DA:2060,0
DA:2061,0
DA:2062,0
DA:2063,0
DA:2064,0
DA:2065,0
DA:2068,0
DA:2069,0
DA:2070,0
DA:2071,0
DA:2072,0
DA:2076,0
DA:2077,0
DA:2080,0
DA:2081,0
DA:2083,0
DA:2084,0
DA:2087,0
DA:2088,0
DA:2089,0
DA:2091,0
DA:2092,0
DA:2096,0
DA:2099,0
DA:2101,0
DA:2107,0
DA:2108,0
DA:2109,0
DA:2110,0
DA:2111,0
DA:2115,0
DA:2116,0
DA:2117,0
DA:2118,0
DA:2119,0
LF:614
LH:0
BRDA:23,0,0,0
BRDA:23,0,1,0
BRDA:31,1,0,0
BRDA:31,1,1,0
BRDA:33,2,0,0
BRDA:33,2,1,0
BRDA:34,3,0,0
BRDA:34,3,1,0
BRDA:35,4,0,0
BRDA:35,4,1,0
BRDA:47,5,0,0
BRDA:48,6,0,0
BRDA:48,6,1,0
BRDA:55,7,0,0
BRDA:70,8,0,0
BRDA:70,8,1,0
BRDA:74,9,0,0
BRDA:74,9,1,0
BRDA:80,10,0,0
BRDA:80,10,1,0
BRDA:80,11,0,0
BRDA:80,11,1,0
BRDA:100,12,0,0
BRDA:100,12,1,0
BRDA:100,13,0,0
BRDA:100,13,1,0
BRDA:114,14,0,0
BRDA:114,14,1,0
BRDA:121,15,0,0
BRDA:157,16,0,0
BRDA:159,17,0,0
BRDA:159,17,1,0
BRDA:168,18,0,0
BRDA:168,18,1,0
BRDA:170,19,0,0
BRDA:170,19,1,0
BRDA:177,20,0,0
BRDA:179,21,0,0
BRDA:179,21,1,0
BRDA:185,22,0,0
BRDA:185,22,1,0
BRDA:193,23,0,0
BRDA:193,23,1,0
BRDA:200,24,0,0
BRDA:200,24,1,0
BRDA:207,25,0,0
BRDA:207,26,0,0
BRDA:212,27,0,0
BRDA:212,27,1,0
BRDA:215,28,0,0
BRDA:215,28,1,0
BRDA:244,29,0,0
BRDA:244,29,1,0
BRDA:244,30,0,0
BRDA:244,30,1,0
BRDA:250,31,0,0
BRDA:260,32,0,0
BRDA:312,33,0,0
BRDA:312,33,1,0
BRDA:319,34,0,0
BRDA:319,34,1,0
BRDA:349,35,0,0
BRDA:349,35,1,0
BRDA:349,36,0,0
BRDA:349,36,1,0
BRDA:351,37,0,0
BRDA:351,37,1,0
BRDA:352,38,0,0
BRDA:352,38,1,0
BRDA:367,39,0,0
BRDA:367,39,1,0
BRDA:369,40,0,0
BRDA:369,40,1,0
BRDA:401,41,0,0
BRDA:403,42,0,0
BRDA:403,42,1,0
BRDA:407,43,0,0
BRDA:407,43,1,0
BRDA:497,44,0,0
BRDA:497,44,1,0
BRDA:497,45,0,0
BRDA:497,45,1,0
BRDA:514,46,0,0
BRDA:514,46,1,0
BRDA:514,47,0,0
BRDA:514,47,1,0
BRDA:535,48,0,0
BRDA:535,48,1,0
BRDA:544,49,0,0
BRDA:544,49,1,0
BRDA:569,50,0,0
BRDA:569,50,1,0
BRDA:570,51,0,0
BRDA:570,51,1,0
BRDA:570,51,2,0
BRDA:591,52,0,0
BRDA:591,52,1,0
BRDA:592,53,0,0
BRDA:592,53,1,0
BRDA:642,54,0,0
BRDA:642,54,1,0
BRDA:644,55,0,0
BRDA:644,55,1,0
BRDA:649,56,0,0
BRDA:649,56,1,0
BRDA:660,57,0,0
BRDA:660,57,1,0
BRDA:696,58,0,0
BRDA:696,58,1,0
BRDA:834,59,0,0
BRDA:834,59,1,0
BRDA:870,60,0,0
BRDA:870,60,1,0
BRDA:879,61,0,0
BRDA:879,61,1,0
BRDA:881,62,0,0
BRDA:881,62,1,0
BRDA:934,63,0,0
BRDA:934,63,1,0
BRDA:957,64,0,0
BRDA:957,64,1,0
BRDA:982,65,0,0
BRDA:982,65,1,0
BRDA:1030,66,0,0
BRDA:1030,66,1,0
BRDA:1035,67,0,0
BRDA:1035,67,1,0
BRDA:1041,68,0,0
BRDA:1041,68,1,0
BRDA:1093,69,0,0
BRDA:1093,69,1,0
BRDA:1107,70,0,0
BRDA:1107,70,1,0
BRDA:1110,71,0,0
BRDA:1110,71,1,0
BRDA:1110,72,0,0
BRDA:1110,72,1,0
BRDA:1110,72,2,0
BRDA:1113,73,0,0
BRDA:1113,73,1,0
BRDA:1174,74,0,0
BRDA:1174,74,1,0
BRDA:1179,75,0,0
BRDA:1179,75,1,0
BRDA:1180,76,0,0
BRDA:1180,76,1,0
BRDA:1209,77,0,0
BRDA:1209,77,1,0
BRDA:1266,78,0,0
BRDA:1266,78,1,0
BRDA:1289,79,0,0
BRDA:1289,79,1,0
BRDA:1307,80,0,0
BRDA:1307,80,1,0
BRDA:1353,81,0,0
BRDA:1353,81,1,0
BRDA:1354,82,0,0
BRDA:1354,82,1,0
BRDA:1357,83,0,0
BRDA:1357,83,1,0
BRDA:1358,84,0,0
BRDA:1358,84,1,0
BRDA:1375,85,0,0
BRDA:1375,85,1,0
BRDA:1376,86,0,0
BRDA:1376,86,1,0
BRDA:1402,87,0,0
BRDA:1402,87,1,0
BRDA:1441,88,0,0
BRDA:1524,89,0,0
BRDA:1524,89,1,0
BRDA:1569,90,0,0
BRDA:1569,90,1,0
BRDA:1571,91,0,0
BRDA:1571,91,1,0
BRDA:1615,92,0,0
BRDA:1615,92,1,0
BRDA:1615,93,0,0
BRDA:1615,93,1,0
BRDA:1703,94,0,0
BRDA:1703,94,1,0
BRDA:1714,95,0,0
BRDA:1714,95,1,0
BRDA:1735,96,0,0
BRDA:1735,96,1,0
BRDA:1737,97,0,0
BRDA:1737,97,1,0
BRDA:1746,98,0,0
BRDA:1746,98,1,0
BRDA:1748,99,0,0
BRDA:1748,99,1,0
BRDA:1778,100,0,0
BRDA:1778,100,1,0
BRDA:1815,101,0,0
BRDA:1815,101,1,0
BRDA:1816,102,0,0
BRDA:1816,102,1,0
BRDA:1834,103,0,0
BRDA:1834,103,1,0
BRDA:1834,104,0,0
BRDA:1834,104,1,0
BRDA:1837,105,0,0
BRDA:1837,105,1,0
BRDA:1838,106,0,0
BRDA:1838,106,1,0
BRDA:1838,106,2,0
BRDA:1866,107,0,0
BRDA:1866,107,1,0
BRDA:1866,108,0,0
BRDA:1866,108,1,0
BRDA:1883,109,0,0
BRDA:1883,109,1,0
BRDA:1884,110,0,0
BRDA:1884,110,1,0
BRDA:1902,111,0,0
BRDA:1902,111,1,0
BRDA:1902,112,0,0
BRDA:1902,112,1,0
BRDA:1906,113,0,0
BRDA:1906,113,1,0
BRDA:1906,114,0,0
BRDA:1906,114,1,0
BRDA:1942,115,0,0
BRDA:1942,115,1,0
BRDA:1943,116,0,0
BRDA:1943,116,1,0
BRDA:1952,117,0,0
BRDA:1952,117,1,0
BRDA:1972,118,0,0
BRDA:1972,118,1,0
BRDA:1973,119,0,0
BRDA:1973,119,1,0
BRDA:1990,120,0,0
BRDA:1990,120,1,0
BRDA:1990,121,0,0
BRDA:1990,121,1,0
BRDA:2025,122,0,0
BRDA:2025,122,1,0
BRDA:2026,123,0,0
BRDA:2026,123,1,0
BRDA:2044,124,0,0
BRDA:2044,124,1,0
BRDA:2070,125,0,0
BRDA:2070,125,1,0
BRDA:2083,126,0,0
BRDA:2083,126,1,0
BRDA:2091,127,0,0
BRDA:2091,127,1,0
BRF:248
BRH:0
end_of_record
TN:
SF:middleware\auth.js
FN:12,(anonymous_0)
FN:60,(anonymous_1)
FN:63,(anonymous_2)
FN:87,(anonymous_3)
FN:130,(anonymous_4)
FN:151,(anonymous_5)
FN:157,(anonymous_6)
FN:168,(anonymous_7)
FN:186,(anonymous_8)
FN:187,(anonymous_9)
FN:204,(anonymous_10)
FN:227,extractToken
FN:247,getClientIP
FN:257,logAccess
FN:278,(anonymous_14)
FNF:15
FNH:0
FNDA:0,(anonymous_0)
FNDA:0,(anonymous_1)
FNDA:0,(anonymous_2)
FNDA:0,(anonymous_3)
FNDA:0,(anonymous_4)
FNDA:0,(anonymous_5)
FNDA:0,(anonymous_6)
FNDA:0,(anonymous_7)
FNDA:0,(anonymous_8)
FNDA:0,(anonymous_9)
FNDA:0,(anonymous_10)
FNDA:0,extractToken
FNDA:0,getClientIP
FNDA:0,logAccess
FNDA:0,(anonymous_14)
DA:9,0
DA:12,0
DA:13,0
DA:14,0
DA:16,0
DA:17,0
DA:24,0
DA:27,0
DA:28,0
DA:29,0
DA:30,0
DA:38,0
DA:45,0
DA:47,0
DA:49,0
DA:51,0
DA:60,0
DA:61,0
DA:63,0
DA:65,0
DA:66,0
DA:68,0
DA:74,0
DA:75,0
DA:78,0
DA:87,0
DA:88,0
DA:90,0
DA:92,0
DA:93,0
DA:99,0
DA:100,0
DA:104,0
DA:111,0
DA:117,0
DA:118,0
DA:120,0
DA:122,0
DA:130,0
DA:131,0
DA:132,0
DA:134,0
DA:135,0
DA:136,0
DA:143,0
DA:146,0
DA:151,0
DA:155,0
DA:157,0
DA:158,0
DA:159,0
DA:161,0
DA:162,0
DA:165,0
DA:168,0
DA:170,0
DA:171,0
DA:178,0
DA:179,0
DA:181,0
DA:186,0
DA:187,0
DA:188,0
DA:190,0
DA:191,0
DA:193,0
DA:195,0
DA:204,0
DA:205,0
DA:210,0
DA:213,0
DA:214,0
DA:216,0
DA:217,0
DA:223,0
DA:228,0
DA:230,0
DA:231,0
DA:235,0
DA:236,0
DA:240,0
DA:241,0
DA:244,0
DA:248,0
DA:258,0
DA:259,0
DA:271,0
DA:273,0
DA:278,0
DA:279,0
DA:280,0
DA:283,0
DA:284,0
LF:93
LH:0
BRDA:16,0,0,0
BRDA:16,0,1,0
BRDA:27,1,0,0
BRDA:27,1,1,0
BRDA:29,2,0,0
BRDA:29,2,1,0
BRDA:40,3,0,0
BRDA:40,3,1,0
BRDA:54,4,0,0
BRDA:54,4,1,0
BRDA:65,5,0,0
BRDA:65,5,1,0
BRDA:65,6,0,0
BRDA:65,6,1,0
BRDA:81,7,0,0
BRDA:81,7,1,0
BRDA:90,8,0,0
BRDA:90,8,1,0
BRDA:90,8,2,0
BRDA:92,9,0,0
BRDA:92,9,1,0
BRDA:99,10,0,0
BRDA:99,10,1,0
BRDA:134,11,0,0
BRDA:134,11,1,0
BRDA:138,12,0,0
BRDA:138,12,1,0
BRDA:152,13,0,0
BRDA:153,14,0,0
BRDA:158,15,0,0
BRDA:158,15,1,0
BRDA:161,16,0,0
BRDA:161,16,1,0
BRDA:170,17,0,0
BRDA:170,17,1,0
BRDA:186,18,0,0
BRDA:190,19,0,0
BRDA:190,19,1,0
BRDA:190,20,0,0
BRDA:190,20,1,0
BRDA:205,21,0,0
BRDA:205,21,1,0
BRDA:206,22,0,0
BRDA:206,22,1,0
BRDA:206,22,2,0
BRDA:213,23,0,0
BRDA:213,23,1,0
BRDA:216,24,0,0
BRDA:216,24,1,0
BRDA:216,25,0,0
BRDA:216,25,1,0
BRDA:230,26,0,0
BRDA:230,26,1,0
BRDA:230,27,0,0
BRDA:230,27,1,0
BRDA:235,28,0,0
BRDA:235,28,1,0
BRDA:235,29,0,0
BRDA:235,29,1,0
BRDA:240,30,0,0
BRDA:240,30,1,0
BRDA:240,31,0,0
BRDA:240,31,1,0
BRDA:249,32,0,0
BRDA:249,32,1,0
BRDA:249,32,2,0
BRDA:249,32,3,0
BRDA:249,32,4,0
BRDA:257,33,0,0
BRDA:279,34,0,0
BRDA:279,34,1,0
BRF:71
BRH:0
end_of_record
TN:
SF:middleware\errorHandler.js
FN:40,(anonymous_0)
FN:51,(anonymous_1)
FN:80,(anonymous_2)
FN:139,(anonymous_3)
FN:159,(anonymous_4)
FN:160,(anonymous_5)
FN:166,(anonymous_6)
FN:202,(anonymous_7)
FN:216,(anonymous_8)
FNF:9
FNH:0
FNDA:0,(anonymous_0)
FNDA:0,(anonymous_1)
FNDA:0,(anonymous_2)
FNDA:0,(anonymous_3)
FNDA:0,(anonymous_4)
FNDA:0,(anonymous_5)
FNDA:0,(anonymous_6)
FNDA:0,(anonymous_7)
FNDA:0,(anonymous_8)
DA:6,0
DA:7,0
DA:8,0
DA:12,0
DA:41,0
DA:42,0
DA:43,0
DA:44,0
DA:45,0
DA:46,0
DA:51,0
DA:52,0
DA:54,0
DA:66,0
DA:67,0
DA:68,0
DA:72,0
DA:73,0
DA:76,0
DA:80,0
DA:82,0
DA:94,0
DA:95,0
DA:97,0
DA:98,0
DA:99,0
DA:100,0
DA:101,0
DA:102,0
DA:103,0
DA:107,0
DA:108,0
DA:109,0
DA:110,0
DA:111,0
DA:112,0
DA:113,0
DA:114,0
DA:115,0
DA:116,0
DA:117,0
DA:118,0
DA:119,0
DA:120,0
DA:124,0
DA:132,0
DA:135,0
DA:139,0
DA:140,0
DA:155,0
DA:159,0
DA:160,0
DA:161,0
DA:166,0
DA:167,0
DA:180,0
DA:182,0
DA:183,0
DA:184,0
DA:186,0
DA:187,0
DA:190,0
DA:191,0
DA:192,0
DA:196,0
DA:198,0
DA:202,0
DA:203,0
DA:212,0
DA:216,0
DA:217,0
DA:219,0
DA:220,0
DA:225,0
DA:226,0
DA:227,0
DA:228,0
DA:233,0
DA:234,0
DA:237,0
LF:80
LH:0
BRDA:7,0,0,0
BRDA:7,0,1,0
BRDA:28,1,0,0
BRDA:28,1,1,0
BRDA:40,2,0,0
BRDA:40,3,0,0
BRDA:40,4,0,0
BRDA:58,5,0,0
BRDA:58,5,1,0
BRDA:66,6,0,0
BRDA:66,6,1,0
BRDA:72,7,0,0
BRDA:72,7,1,0
BRDA:89,8,0,0
BRDA:89,8,1,0
BRDA:97,9,0,0
BRDA:97,9,1,0
BRDA:100,10,0,0
BRDA:100,10,1,0
BRDA:103,11,0,0
BRDA:103,11,1,0
BRDA:104,12,0,0
BRDA:104,12,1,0
BRDA:109,13,0,0
BRDA:109,13,1,0
BRDA:112,14,0,0
BRDA:112,14,1,0
BRDA:115,15,0,0
BRDA:115,15,1,0
BRDA:118,16,0,0
BRDA:118,16,1,0
BRDA:182,17,0,0
BRDA:182,17,1,0
BRDA:182,18,0,0
BRDA:182,18,1,0
BRDA:196,19,0,0
BRDA:196,19,1,0
BRDA:216,20,0,0
BRDA:219,21,0,0
BRDA:219,21,1,0
BRDA:225,22,0,0
BRDA:225,22,1,0
BRDA:227,23,0,0
BRDA:227,23,1,0
BRDA:233,24,0,0
BRDA:233,24,1,0
BRF:46
BRH:0
end_of_record
TN:
SF:middleware\monitoring.js
FN:7,(anonymous_0)
FN:52,(anonymous_1)
FN:53,(anonymous_2)
FN:58,(anonymous_3)
FN:77,(anonymous_4)
FN:140,(anonymous_5)
FN:182,(anonymous_6)
FN:206,(anonymous_7)
FN:219,(anonymous_8)
FN:236,(anonymous_9)
FN:237,(anonymous_10)
FN:243,(anonymous_11)
FN:260,(anonymous_12)
FN:268,(anonymous_13)
FN:278,(anonymous_14)
FN:300,(anonymous_15)
FN:304,(anonymous_16)
FN:305,(anonymous_17)
FN:314,(anonymous_18)
FN:334,(anonymous_19)
FN:370,(anonymous_20)
FN:386,(anonymous_21)
FN:392,(anonymous_22)
FN:414,(anonymous_23)
FN:416,(anonymous_24)
FN:418,(anonymous_25)
FN:420,(anonymous_26)
FN:423,(anonymous_27)
FN:425,(anonymous_28)
FNF:29
FNH:0
FNDA:0,(anonymous_0)
FNDA:0,(anonymous_1)
FNDA:0,(anonymous_2)
FNDA:0,(anonymous_3)
FNDA:0,(anonymous_4)
FNDA:0,(anonymous_5)
FNDA:0,(anonymous_6)
FNDA:0,(anonymous_7)
FNDA:0,(anonymous_8)
FNDA:0,(anonymous_9)
FNDA:0,(anonymous_10)
FNDA:0,(anonymous_11)
FNDA:0,(anonymous_12)
FNDA:0,(anonymous_13)
FNDA:0,(anonymous_14)
FNDA:0,(anonymous_15)
FNDA:0,(anonymous_16)
FNDA:0,(anonymous_17)
FNDA:0,(anonymous_18)
FNDA:0,(anonymous_19)
FNDA:0,(anonymous_20)
FNDA:0,(anonymous_21)
FNDA:0,(anonymous_22)
FNDA:0,(anonymous_23)
FNDA:0,(anonymous_24)
FNDA:0,(anonymous_25)
FNDA:0,(anonymous_26)
FNDA:0,(anonymous_27)
FNDA:0,(anonymous_28)
DA:8,0
DA:39,0
DA:40,0
DA:47,0
DA:48,0
DA:53,0
DA:54,0
DA:55,0
DA:58,0
DA:59,0
DA:60,0
DA:61,0
DA:64,0
DA:67,0
DA:70,0
DA:73,0
DA:78,0
DA:79,0
DA:80,0
DA:83,0
DA:84,0
DA:87,0
DA:91,0
DA:95,0
DA:96,0
DA:97,0
DA:99,0
DA:100,0
DA:103,0
DA:104,0
DA:105,0
DA:106,0
DA:107,0
DA:111,0
DA:121,0
DA:125,0
DA:126,0
DA:135,0
DA:141,0
DA:144,0
DA:145,0
DA:153,0
DA:155,0
DA:156,0
DA:157,0
DA:165,0
DA:166,0
DA:173,0
DA:174,0
DA:183,0
DA:192,0
DA:195,0
DA:198,0
DA:201,0
DA:202,0
DA:207,0
DA:216,0
DA:221,0
DA:237,0
DA:238,0
DA:239,0
DA:244,0
DA:246,0
DA:255,0
DA:259,0
DA:260,0
DA:261,0
DA:262,0
DA:263,0
DA:264,0
DA:270,0
DA:271,0
DA:279,0
DA:301,0
DA:305,0
DA:306,0
DA:307,0
DA:308,0
DA:309,0
DA:311,0
DA:315,0
DA:321,0
DA:322,0
DA:324,0
DA:325,0
DA:326,0
DA:327,0
DA:329,0
DA:330,0
DA:335,0
DA:359,0
DA:360,0
DA:362,0
DA:367,0
DA:370,0
DA:371,0
DA:372,0
DA:374,0
DA:386,0
DA:391,0
DA:392,0
DA:394,0
DA:395,0
DA:396,0
DA:400,0
DA:404,0
DA:410,0
DA:414,0
DA:416,0
DA:418,0
DA:420,0
DA:421,0
DA:423,0
DA:425,0
LF:114
LH:0
BRDA:88,0,0,0
BRDA:88,0,1,0
BRDA:92,1,0,0
BRDA:92,1,1,0
BRDA:95,2,0,0
BRDA:95,2,1,0
BRDA:95,3,0,0
BRDA:95,3,1,0
BRDA:104,4,0,0
BRDA:104,4,1,0
BRDA:104,5,0,0
BRDA:104,5,1,0
BRDA:106,6,0,0
BRDA:106,6,1,0
BRDA:125,7,0,0
BRDA:125,7,1,0
BRDA:144,8,0,0
BRDA:144,8,1,0
BRDA:153,9,0,0
BRDA:153,9,1,0
BRDA:156,10,0,0
BRDA:156,10,1,0
BRDA:165,11,0,0
BRDA:165,11,1,0
BRDA:173,12,0,0
BRDA:173,12,1,0
BRDA:201,13,0,0
BRDA:201,13,1,0
BRDA:216,14,0,0
BRDA:216,14,1,0
BRDA:270,15,0,0
BRDA:270,15,1,0
BRDA:282,16,0,0
BRDA:282,16,1,0
BRDA:289,17,0,0
BRDA:289,17,1,0
BRDA:300,18,0,0
BRDA:306,19,0,0
BRDA:306,19,1,0
BRDA:392,20,0,0
BRDA:392,20,1,0
BRDA:394,21,0,0
BRDA:394,21,1,0
BRDA:396,22,0,0
BRDA:396,22,1,0
BRDA:397,23,0,0
BRDA:397,23,1,0
BRDA:404,24,0,0
BRDA:404,24,1,0
BRDA:406,25,0,0
BRDA:406,25,1,0
BRF:51
BRH:0
end_of_record
TN:
SF:middleware\redirectHandler.js
FN:54,(anonymous_0)
FN:105,(anonymous_1)
FN:188,(anonymous_2)
FN:222,(anonymous_3)
FN:238,(anonymous_4)
FN:258,(anonymous_5)
FN:291,(anonymous_6)
FN:319,(anonymous_7)
FN:321,(anonymous_8)
FNF:9
FNH:0
FNDA:0,(anonymous_0)
FNDA:0,(anonymous_1)
FNDA:0,(anonymous_2)
FNDA:0,(anonymous_3)
FNDA:0,(anonymous_4)
FNDA:0,(anonymous_5)
FNDA:0,(anonymous_6)
FNDA:0,(anonymous_7)
FNDA:0,(anonymous_8)
DA:4,0
DA:35,0
DA:41,0
DA:54,0
DA:55,0
DA:58,0
DA:59,0
DA:63,0
DA:64,0
DA:65,0
DA:69,0
DA:77,0
DA:78,0
DA:79,0
DA:84,0
DA:88,0
DA:89,0
DA:90,0
DA:91,0
DA:95,0
DA:96,0
DA:97,0
DA:98,0
DA:101,0
DA:105,0
DA:106,0
DA:108,0
DA:111,0
DA:114,0
DA:115,0
DA:181,0
DA:184,0
DA:188,0
DA:189,0
DA:190,0
DA:193,0
DA:194,0
DA:195,0
DA:196,0
DA:200,0
DA:202,0
DA:207,0
DA:214,0
DA:215,0
DA:218,0
DA:222,0
DA:224,0
DA:228,0
DA:229,0
DA:230,0
DA:231,0
DA:234,0
DA:238,0
DA:239,0
DA:240,0
DA:242,0
DA:244,0
DA:245,0
DA:246,0
DA:250,0
DA:251,0
DA:254,0
DA:258,0
DA:259,0
DA:262,0
DA:263,0
DA:264,0
DA:268,0
DA:275,0
DA:276,0
DA:277,0
DA:281,0
DA:287,0
DA:291,0
DA:292,0
DA:293,0
DA:294,0
DA:295,0
DA:298,0
DA:302,0
DA:313,0
DA:319,0
DA:321,0
DA:322,0
DA:323,0
DA:324,0
DA:326,0
LF:87
LH:0
BRDA:58,0,0,0
BRDA:58,0,1,0
BRDA:63,1,0,0
BRDA:63,1,1,0
BRDA:63,2,0,0
BRDA:63,2,1,0
BRDA:72,3,0,0
BRDA:72,3,1,0
BRDA:77,4,0,0
BRDA:77,4,1,0
BRDA:88,5,0,0
BRDA:88,5,1,0
BRDA:95,6,0,0
BRDA:95,6,1,0
BRDA:106,7,0,0
BRDA:106,7,1,0
BRDA:114,8,0,0
BRDA:114,8,1,0
BRDA:114,9,0,0
BRDA:114,9,1,0
BRDA:190,10,0,0
BRDA:190,10,1,0
BRDA:193,11,0,0
BRDA:193,11,1,0
BRDA:200,12,0,0
BRDA:200,12,1,0
BRDA:200,12,2,0
BRDA:200,12,3,0
BRDA:224,13,0,0
BRDA:224,13,1,0
BRDA:225,14,0,0
BRDA:225,14,1,0
BRDA:228,15,0,0
BRDA:228,15,1,0
BRDA:239,16,0,0
BRDA:239,16,1,0
BRDA:242,17,0,0
BRDA:242,17,1,0
BRDA:244,18,0,0
BRDA:244,18,1,0
BRDA:262,19,0,0
BRDA:262,19,1,0
BRDA:270,20,0,0
BRDA:270,20,1,0
BRDA:275,21,0,0
BRDA:275,21,1,0
BRDA:283,22,0,0
BRDA:283,22,1,0
BRDA:292,23,0,0
BRDA:292,23,1,0
BRDA:323,24,0,0
BRDA:323,24,1,0
BRDA:324,25,0,0
BRDA:324,25,1,0
BRF:54
BRH:0
end_of_record
TN:
SF:middleware\security.js
FN:15,(anonymous_0)
FN:26,(anonymous_1)
FN:50,(anonymous_2)
FN:58,(anonymous_3)
FN:92,(anonymous_4)
FN:145,(anonymous_5)
FN:150,(anonymous_6)
FN:168,(anonymous_7)
FN:177,(anonymous_8)
FN:187,(anonymous_9)
FN:196,(anonymous_10)
FN:205,(anonymous_11)
FN:210,(anonymous_12)
FN:222,(anonymous_13)
FN:226,(anonymous_14)
FN:243,(anonymous_15)
FN:259,(anonymous_16)
FN:267,(anonymous_17)
FN:282,(anonymous_18)
FN:291,(anonymous_19)
FN:305,(anonymous_20)
FN:324,(anonymous_21)
FN:343,(anonymous_22)
FN:358,getClientIP
FNF:24
FNH:0
FNDA:0,(anonymous_0)
FNDA:0,(anonymous_1)
FNDA:0,(anonymous_2)
FNDA:0,(anonymous_3)
FNDA:0,(anonymous_4)
FNDA:0,(anonymous_5)
FNDA:0,(anonymous_6)
FNDA:0,(anonymous_7)
FNDA:0,(anonymous_8)
FNDA:0,(anonymous_9)
FNDA:0,(anonymous_10)
FNDA:0,(anonymous_11)
FNDA:0,(anonymous_12)
FNDA:0,(anonymous_13)
FNDA:0,(anonymous_14)
FNDA:0,(anonymous_15)
FNDA:0,(anonymous_16)
FNDA:0,(anonymous_17)
FNDA:0,(anonymous_18)
FNDA:0,(anonymous_19)
FNDA:0,(anonymous_20)
FNDA:0,(anonymous_21)
FNDA:0,(anonymous_22)
FNDA:0,getClientIP
DA:12,0
DA:15,0
DA:16,0
DA:28,0
DA:32,0
DA:36,0
DA:47,0
DA:50,0
DA:58,0
DA:59,0
DA:62,0
DA:64,0
DA:65,0
DA:72,0
DA:76,0
DA:78,0
DA:79,0
DA:80,0
DA:87,0
DA:88,0
DA:92,0
DA:94,0
DA:95,0
DA:98,0
DA:99,0
DA:100,0
DA:102,0
DA:103,0
DA:110,0
DA:111,0
DA:112,0
DA:114,0
DA:116,0
DA:123,0
DA:124,0
DA:132,0
DA:133,0
DA:139,0
DA:143,0
DA:145,0
DA:152,0
DA:157,0
DA:159,0
DA:160,0
DA:163,0
DA:168,0
DA:179,0
DA:186,0
DA:187,0
DA:189,0
DA:191,0
DA:196,0
DA:205,0
DA:212,0
DA:213,0
DA:214,0
DA:216,0
DA:222,0
DA:223,0
DA:225,0
DA:226,0
DA:232,0
DA:239,0
DA:243,0
DA:244,0
DA:258,0
DA:259,0
DA:262,0
DA:263,0
DA:267,0
DA:268,0
DA:271,0
DA:281,0
DA:283,0
DA:287,0
DA:291,0
DA:292,0
DA:295,0
DA:304,0
DA:306,0
DA:311,0
DA:312,0
DA:324,0
DA:325,0
DA:327,0
DA:328,0
DA:339,0
DA:343,0
DA:345,0
DA:347,0
DA:348,0
DA:354,0
DA:359,0
LF:93
LH:0
BRDA:15,0,0,0
BRDA:22,1,0,0
BRDA:22,1,1,0
BRDA:38,2,0,0
BRDA:38,2,1,0
BRDA:62,3,0,0
BRDA:62,3,1,0
BRDA:64,4,0,0
BRDA:64,4,1,0
BRDA:72,5,0,0
BRDA:72,5,1,0
BRDA:73,6,0,0
BRDA:73,6,1,0
BRDA:76,7,0,0
BRDA:76,7,1,0
BRDA:78,8,0,0
BRDA:78,8,1,0
BRDA:78,9,0,0
BRDA:78,9,1,0
BRDA:94,10,0,0
BRDA:94,10,1,0
BRDA:94,11,0,0
BRDA:94,11,1,0
BRDA:102,12,0,0
BRDA:102,12,1,0
BRDA:102,13,0,0
BRDA:102,13,1,0
BRDA:102,13,2,0
BRDA:114,14,0,0
BRDA:114,14,1,0
BRDA:127,15,0,0
BRDA:127,15,1,0
BRDA:132,16,0,0
BRDA:132,16,1,0
BRDA:159,17,0,0
BRDA:159,17,1,0
BRDA:186,18,0,0
BRDA:186,18,1,0
BRDA:205,19,0,0
BRDA:209,20,0,0
BRDA:209,20,1,0
BRDA:209,21,0,0
BRDA:209,21,1,0
BRDA:213,22,0,0
BRDA:213,22,1,0
BRDA:225,23,0,0
BRDA:225,23,1,0
BRDA:306,24,0,0
BRDA:306,24,1,0
BRDA:306,24,2,0
BRDA:311,25,0,0
BRDA:311,25,1,0
BRDA:327,26,0,0
BRDA:327,26,1,0
BRDA:327,27,0,0
BRDA:327,27,1,0
BRDA:345,28,0,0
BRDA:345,28,1,0
BRDA:345,29,0,0
BRDA:345,29,1,0
BRDA:360,30,0,0
BRDA:360,30,1,0
BRDA:360,30,2,0
BRDA:360,30,3,0
BRDA:360,30,4,0
BRF:65
BRH:0
end_of_record
TN:
SF:middleware\validation.js
FN:51,(anonymous_0)
FN:69,(anonymous_1)
FN:82,(anonymous_2)
FN:85,(anonymous_3)
FN:111,(anonymous_4)
FN:119,(anonymous_5)
FN:132,(anonymous_6)
FN:141,(anonymous_7)
FN:154,(anonymous_8)
FN:162,(anonymous_9)
FN:179,(anonymous_10)
FN:192,(anonymous_11)
FN:200,(anonymous_12)
FN:208,(anonymous_13)
FN:227,(anonymous_14)
FN:245,(anonymous_15)
FN:248,(anonymous_16)
FN:251,(anonymous_17)
FN:254,(anonymous_18)
FN:258,(anonymous_19)
FN:259,(anonymous_20)
FNF:21
FNH:0
FNDA:0,(anonymous_0)
FNDA:0,(anonymous_1)
FNDA:0,(anonymous_2)
FNDA:0,(anonymous_3)
FNDA:0,(anonymous_4)
FNDA:0,(anonymous_5)
FNDA:0,(anonymous_6)
FNDA:0,(anonymous_7)
FNDA:0,(anonymous_8)
FNDA:0,(anonymous_9)
FNDA:0,(anonymous_10)
FNDA:0,(anonymous_11)
FNDA:0,(anonymous_12)
FNDA:0,(anonymous_13)
FNDA:0,(anonymous_14)
FNDA:0,(anonymous_15)
FNDA:0,(anonymous_16)
FNDA:0,(anonymous_17)
FNDA:0,(anonymous_18)
FNDA:0,(anonymous_19)
FNDA:0,(anonymous_20)
DA:10,0
DA:22,0
DA:34,0
DA:49,0
DA:52,0
DA:55,0
DA:58,0
DA:61,0
DA:62,0
DA:65,0
DA:70,0
DA:72,0
DA:83,0
DA:85,0
DA:86,0
DA:88,0
DA:90,0
DA:92,0
DA:94,0
DA:96,0
DA:98,0
DA:103,0
DA:105,0
DA:112,0
DA:114,0
DA:115,0
DA:120,0
DA:122,0
DA:123,0
DA:133,0
DA:136,0
DA:137,0
DA:142,0
DA:144,0
DA:147,0
DA:152,0
DA:155,0
DA:156,0
DA:158,0
DA:163,0
DA:164,0
DA:167,0
DA:168,0
DA:171,0
DA:172,0
DA:175,0
DA:180,0
DA:181,0
DA:184,0
DA:185,0
DA:188,0
DA:193,0
DA:194,0
DA:196,0
DA:201,0
DA:202,0
DA:204,0
DA:209,0
DA:211,0
DA:212,0
DA:215,0
DA:216,0
DA:219,0
DA:220,0
DA:223,0
DA:228,0
DA:229,0
DA:232,0
DA:233,0
DA:236,0
DA:237,0
DA:240,0
DA:245,0
DA:246,0
DA:248,0
DA:251,0
DA:252,0
DA:254,0
DA:258,0
DA:259,0
DA:260,0
DA:261,0
DA:263,0
DA:264,0
DA:267,0
DA:268,0
DA:269,0
DA:273,0
DA:274,0
DA:275,0
DA:276,0
DA:277,0
DA:281,0
DA:282,0
DA:288,0
DA:291,0
DA:292,0
DA:298,0
DA:301,0
DA:302,0
DA:303,0
DA:306,0
DA:307,0
DA:308,0
DA:311,0
DA:312,0
DA:313,0
DA:316,0
DA:317,0
DA:323,0
DA:327,0
DA:328,0
DA:335,0
DA:342,0
DA:343,0
DA:350,0
DA:357,0
DA:358,0
DA:365,0
DA:366,0
DA:371,0
LF:121
LH:0
BRDA:51,0,0,0
BRDA:52,1,0,0
BRDA:52,1,1,0
BRDA:61,2,0,0
BRDA:61,2,1,0
BRDA:70,3,0,0
BRDA:70,3,1,0
BRDA:83,4,0,0
BRDA:83,4,1,0
BRDA:86,5,0,0
BRDA:86,5,1,0
BRDA:86,5,2,0
BRDA:86,5,3,0
BRDA:86,5,4,0
BRDA:86,5,5,0
BRDA:86,5,6,0
BRDA:86,5,7,0
BRDA:86,5,8,0
BRDA:86,5,9,0
BRDA:86,5,10,0
BRDA:112,6,0,0
BRDA:112,6,1,0
BRDA:115,7,0,0
BRDA:115,7,1,0
BRDA:120,8,0,0
BRDA:120,8,1,0
BRDA:123,9,0,0
BRDA:123,9,1,0
BRDA:133,10,0,0
BRDA:133,10,1,0
BRDA:137,11,0,0
BRDA:137,11,1,0
BRDA:142,12,0,0
BRDA:142,12,1,0
BRDA:147,13,0,0
BRDA:147,13,1,0
BRDA:155,14,0,0
BRDA:155,14,1,0
BRDA:155,15,0,0
BRDA:155,15,1,0
BRDA:155,15,2,0
BRDA:163,16,0,0
BRDA:163,16,1,0
BRDA:167,17,0,0
BRDA:167,17,1,0
BRDA:171,18,0,0
BRDA:171,18,1,0
BRDA:180,19,0,0
BRDA:180,19,1,0
BRDA:184,20,0,0
BRDA:184,20,1,0
BRDA:185,21,0,0
BRDA:185,21,1,0
BRDA:192,22,0,0
BRDA:193,23,0,0
BRDA:193,23,1,0
BRDA:200,24,0,0
BRDA:201,25,0,0
BRDA:201,25,1,0
BRDA:211,26,0,0
BRDA:211,26,1,0
BRDA:215,27,0,0
BRDA:215,27,1,0
BRDA:215,28,0,0
BRDA:215,28,1,0
BRDA:219,29,0,0
BRDA:219,29,1,0
BRDA:219,30,0,0
BRDA:219,30,1,0
BRDA:228,31,0,0
BRDA:228,31,1,0
BRDA:232,32,0,0
BRDA:232,32,1,0
BRDA:232,33,0,0
BRDA:232,33,1,0
BRDA:236,34,0,0
BRDA:236,34,1,0
BRDA:236,35,0,0
BRDA:236,35,1,0
BRDA:246,36,0,0
BRDA:246,36,1,0
BRDA:252,37,0,0
BRDA:252,37,1,0
BRDA:267,38,0,0
BRDA:267,38,1,0
BRDA:267,39,0,0
BRDA:267,39,1,0
BRDA:273,40,0,0
BRDA:273,40,1,0
BRDA:275,41,0,0
BRDA:275,41,1,0
BRDA:281,42,0,0
BRDA:281,42,1,0
BRDA:288,43,0,0
BRDA:288,43,1,0
BRDA:291,44,0,0
BRDA:291,44,1,0
BRDA:298,45,0,0
BRDA:298,45,1,0
BRDA:301,46,0,0
BRDA:301,46,1,0
BRDA:303,47,0,0
BRDA:303,47,1,0
BRDA:306,48,0,0
BRDA:306,48,1,0
BRDA:308,49,0,0
BRDA:308,49,1,0
BRDA:311,50,0,0
BRDA:311,50,1,0
BRDA:313,51,0,0
BRDA:313,51,1,0
BRDA:316,52,0,0
BRDA:316,52,1,0
BRDA:323,53,0,0
BRDA:323,53,1,0
BRDA:327,54,0,0
BRDA:327,54,1,0
BRDA:327,55,0,0
BRDA:327,55,1,0
BRDA:342,56,0,0
BRDA:342,56,1,0
BRDA:342,57,0,0
BRDA:342,57,1,0
BRDA:357,58,0,0
BRDA:357,58,1,0
BRF:125
BRH:0
end_of_record
TN:
SF:routes\accessHistory.js
FN:73,(anonymous_0)
FN:78,(anonymous_1)
FN:94,(anonymous_2)
FN:98,(anonymous_3)
FN:104,(anonymous_4)
FN:109,(anonymous_5)
FN:114,(anonymous_6)
FN:119,(anonymous_7)
FN:128,(anonymous_8)
FN:151,(anonymous_9)
FN:175,(anonymous_10)
FN:234,(anonymous_11)
FN:255,(anonymous_12)
FN:272,(anonymous_13)
FN:292,(anonymous_14)
FN:301,(anonymous_15)
FN:302,(anonymous_16)
FN:303,(anonymous_17)
FN:304,(anonymous_18)
FN:305,(anonymous_19)
FN:306,(anonymous_20)
FN:310,(anonymous_21)
FN:311,(anonymous_22)
FN:312,(anonymous_23)
FN:317,(anonymous_24)
FN:323,(anonymous_25)
FN:339,(anonymous_26)
FN:351,(anonymous_27)
FNF:28
FNH:0
FNDA:0,(anonymous_0)
FNDA:0,(anonymous_1)
FNDA:0,(anonymous_2)
FNDA:0,(anonymous_3)
FNDA:0,(anonymous_4)
FNDA:0,(anonymous_5)
FNDA:0,(anonymous_6)
FNDA:0,(anonymous_7)
FNDA:0,(anonymous_8)
FNDA:0,(anonymous_9)
FNDA:0,(anonymous_10)
FNDA:0,(anonymous_11)
FNDA:0,(anonymous_12)
FNDA:0,(anonymous_13)
FNDA:0,(anonymous_14)
FNDA:0,(anonymous_15)
FNDA:0,(anonymous_16)
FNDA:0,(anonymous_17)
FNDA:0,(anonymous_18)
FNDA:0,(anonymous_19)
FNDA:0,(anonymous_20)
FNDA:0,(anonymous_21)
FNDA:0,(anonymous_22)
FNDA:0,(anonymous_23)
FNDA:0,(anonymous_24)
FNDA:0,(anonymous_25)
FNDA:0,(anonymous_26)
FNDA:0,(anonymous_27)
DA:10,0
DA:13,0
DA:16,0
DA:73,0
DA:74,0
DA:78,0
DA:88,0
DA:90,0
DA:93,0
DA:94,0
DA:97,0
DA:98,0
DA:99,0
DA:103,0
DA:104,0
DA:107,0
DA:108,0
DA:109,0
DA:112,0
DA:113,0
DA:114,0
DA:117,0
DA:118,0
DA:119,0
DA:120,0
DA:128,0
DA:131,0
DA:132,0
DA:133,0
DA:134,0
DA:135,0
DA:137,0
DA:151,0
DA:152,0
DA:153,0
DA:155,0
DA:156,0
DA:162,0
DA:170,0
DA:176,0
DA:177,0
DA:178,0
DA:199,0
DA:201,0
DA:202,0
DA:221,0
DA:223,0
DA:231,0
DA:235,0
DA:236,0
DA:237,0
DA:243,0
DA:244,0
DA:246,0
DA:247,0
DA:254,0
DA:255,0
DA:256,0
DA:257,0
DA:261,0
DA:262,0
DA:264,0
DA:272,0
DA:273,0
DA:274,0
DA:276,0
DA:277,0
DA:283,0
DA:285,0
DA:292,0
DA:293,0
DA:294,0
DA:295,0
DA:296,0
DA:297,0
DA:299,0
DA:301,0
DA:302,0
DA:303,0
DA:304,0
DA:305,0
DA:306,0
DA:310,0
DA:311,0
DA:312,0
DA:317,0
DA:318,0
DA:319,0
DA:323,0
DA:324,0
DA:327,0
DA:335,0
DA:340,0
DA:341,0
DA:342,0
DA:348,0
DA:349,0
DA:351,0
DA:352,0
DA:353,0
DA:354,0
DA:355,0
DA:356,0
DA:357,0
DA:358,0
DA:359,0
DA:360,0
DA:361,0
DA:364,0
DA:368,0
LF:110
LH:0
BRDA:80,0,0,0
BRDA:81,1,0,0
BRDA:93,2,0,0
BRDA:93,2,1,0
BRDA:97,3,0,0
BRDA:97,3,1,0
BRDA:103,4,0,0
BRDA:103,4,1,0
BRDA:107,5,0,0
BRDA:107,5,1,0
BRDA:112,6,0,0
BRDA:112,6,1,0
BRDA:117,7,0,0
BRDA:117,7,1,0
BRDA:120,8,0,0
BRDA:120,8,1,0
BRDA:120,8,2,0
BRDA:120,8,3,0
BRDA:155,9,0,0
BRDA:155,9,1,0
BRDA:177,10,0,0
BRDA:177,10,1,0
BRDA:207,11,0,0
BRDA:207,11,1,0
BRDA:208,12,0,0
BRDA:208,12,1,0
BRDA:209,13,0,0
BRDA:209,13,1,0
BRDA:212,14,0,0
BRDA:212,14,1,0
BRDA:213,15,0,0
BRDA:213,15,1,0
BRDA:214,16,0,0
BRDA:214,16,1,0
BRDA:215,17,0,0
BRDA:215,17,1,0
BRDA:216,18,0,0
BRDA:216,18,1,0
BRDA:217,19,0,0
BRDA:217,19,1,0
BRDA:218,20,0,0
BRDA:218,20,1,0
BRDA:236,21,0,0
BRDA:236,21,1,0
BRDA:246,22,0,0
BRDA:246,22,1,0
BRDA:256,23,0,0
BRDA:256,23,1,0
BRDA:276,24,0,0
BRDA:276,24,1,0
BRDA:319,25,0,0
BRDA:319,25,1,0
BRDA:324,26,0,0
BRDA:324,26,1,0
BRDA:341,27,0,0
BRDA:341,27,1,0
BRDA:348,28,0,0
BRDA:353,29,0,0
BRDA:353,29,1,0
BRDA:354,30,0,0
BRDA:354,30,1,0
BRDA:357,31,0,0
BRDA:357,31,1,0
BRDA:357,32,0,0
BRDA:357,32,1,0
BRF:65
BRH:0
end_of_record
TN:
SF:routes\admin.js
FN:15,(anonymous_0)
FN:20,(anonymous_1)
FN:68,(anonymous_2)
FN:111,(anonymous_3)
FN:208,(anonymous_4)
FN:240,(anonymous_5)
FN:247,(anonymous_6)
FN:248,(anonymous_7)
FN:249,(anonymous_8)
FN:250,(anonymous_9)
FN:254,(anonymous_10)
FN:261,(anonymous_11)
FN:261,(anonymous_12)
FN:284,(anonymous_13)
FN:296,(anonymous_14)
FN:311,(anonymous_15)
FN:348,(anonymous_16)
FN:417,(anonymous_17)
FN:454,(anonymous_18)
FN:461,(anonymous_19)
FN:462,(anonymous_20)
FN:463,(anonymous_21)
FN:464,(anonymous_22)
FN:468,(anonymous_23)
FN:470,(anonymous_24)
FN:471,(anonymous_25)
FN:472,(anonymous_26)
FN:476,(anonymous_27)
FN:485,(anonymous_28)
FN:492,(anonymous_29)
FN:497,(anonymous_30)
FN:499,(anonymous_31)
FN:536,(anonymous_32)
FN:563,(anonymous_33)
FN:641,(anonymous_34)
FN:702,addHistoryLog
FN:723,getHistoryLogsCount
FNF:37
FNH:0
FNDA:0,(anonymous_0)
FNDA:0,(anonymous_1)
FNDA:0,(anonymous_2)
FNDA:0,(anonymous_3)
FNDA:0,(anonymous_4)
FNDA:0,(anonymous_5)
FNDA:0,(anonymous_6)
FNDA:0,(anonymous_7)
FNDA:0,(anonymous_8)
FNDA:0,(anonymous_9)
FNDA:0,(anonymous_10)
FNDA:0,(anonymous_11)
FNDA:0,(anonymous_12)
FNDA:0,(anonymous_13)
FNDA:0,(anonymous_14)
FNDA:0,(anonymous_15)
FNDA:0,(anonymous_16)
FNDA:0,(anonymous_17)
FNDA:0,(anonymous_18)
FNDA:0,(anonymous_19)
FNDA:0,(anonymous_20)
FNDA:0,(anonymous_21)
FNDA:0,(anonymous_22)
FNDA:0,(anonymous_23)
FNDA:0,(anonymous_24)
FNDA:0,(anonymous_25)
FNDA:0,(anonymous_26)
FNDA:0,(anonymous_27)
FNDA:0,(anonymous_28)
FNDA:0,(anonymous_29)
FNDA:0,(anonymous_30)
FNDA:0,(anonymous_31)
FNDA:0,(anonymous_32)
FNDA:0,(anonymous_33)
FNDA:0,(anonymous_34)
FNDA:0,addHistoryLog
FNDA:0,getHistoryLogsCount
DA:11,0
DA:16,0
DA:21,0
DA:22,0
DA:58,0
DA:59,0
DA:60,0
DA:62,0
DA:63,0
DA:69,0
DA:70,0
DA:79,0
DA:102,0
DA:103,0
DA:105,0
DA:106,0
DA:112,0
DA:126,0
DA:129,0
DA:130,0
DA:132,0
DA:133,0
DA:134,0
DA:137,0
DA:138,0
DA:139,0
DA:142,0
DA:143,0
DA:144,0
DA:147,0
DA:148,0
DA:149,0
DA:152,0
DA:153,0
DA:154,0
DA:157,0
DA:158,0
DA:159,0
DA:162,0
DA:163,0
DA:164,0
DA:167,0
DA:168,0
DA:169,0
DA:172,0
DA:176,0
DA:177,0
DA:178,0
DA:181,0
DA:182,0
DA:185,0
DA:186,0
DA:187,0
DA:190,0
DA:204,0
DA:205,0
DA:208,0
DA:214,0
DA:216,0
DA:234,0
DA:235,0
DA:241,0
DA:242,0
DA:243,0
DA:245,0
DA:247,0
DA:248,0
DA:249,0
DA:250,0
DA:254,0
DA:255,0
DA:256,0
DA:260,0
DA:261,0
DA:262,0
DA:268,0
DA:270,0
DA:271,0
DA:285,0
DA:286,0
DA:287,0
DA:288,0
DA:290,0
DA:291,0
DA:297,0
DA:298,0
DA:299,0
DA:301,0
DA:302,0
DA:308,0
DA:311,0
DA:312,0
DA:313,0
DA:315,0
DA:323,0
DA:349,0
DA:351,0
DA:352,0
DA:353,0
DA:374,0
DA:377,0
DA:393,0
DA:400,0
DA:402,0
DA:403,0
DA:417,0
DA:418,0
DA:419,0
DA:423,0
DA:425,0
DA:426,0
DA:428,0
DA:429,0
DA:431,0
DA:432,0
DA:434,0
DA:435,0
DA:437,0
DA:441,0
DA:446,0
DA:448,0
DA:454,0
DA:461,0
DA:462,0
DA:463,0
DA:464,0
DA:468,0
DA:470,0
DA:471,0
DA:472,0
DA:477,0
DA:478,0
DA:485,0
DA:493,0
DA:494,0
DA:497,0
DA:499,0
DA:506,0
DA:516,0
DA:517,0
DA:529,0
DA:537,0
DA:538,0
DA:539,0
DA:540,0
DA:546,0
DA:549,0
DA:556,0
DA:558,0
DA:561,0
DA:562,0
DA:564,0
DA:585,0
DA:587,0
DA:588,0
DA:592,0
DA:595,0
DA:596,0
DA:601,0
DA:621,0
DA:622,0
DA:635,0
DA:642,0
DA:643,0
DA:644,0
DA:645,0
DA:652,0
DA:655,0
DA:656,0
DA:658,0
DA:660,0
DA:662,0
DA:665,0
DA:668,0
DA:669,0
DA:672,0
DA:673,0
DA:674,0
DA:681,0
DA:691,0
DA:692,0
DA:703,0
DA:704,0
DA:707,0
DA:708,0
DA:709,0
DA:715,0
DA:717,0
DA:718,0
DA:724,0
DA:725,0
DA:726,0
DA:728,0
DA:729,0
LF:194
LH:0
BRDA:80,0,0,0
BRDA:80,0,1,0
BRDA:81,1,0,0
BRDA:81,1,1,0
BRDA:95,2,0,0
BRDA:95,2,1,0
BRDA:98,3,0,0
BRDA:98,3,1,0
BRDA:103,4,0,0
BRDA:103,4,1,0
BRDA:111,5,0,0
BRDA:114,6,0,0
BRDA:115,7,0,0
BRDA:124,8,0,0
BRDA:125,9,0,0
BRDA:132,10,0,0
BRDA:132,10,1,0
BRDA:132,11,0,0
BRDA:132,11,1,0
BRDA:137,12,0,0
BRDA:137,12,1,0
BRDA:137,13,0,0
BRDA:137,13,1,0
BRDA:142,14,0,0
BRDA:142,14,1,0
BRDA:147,15,0,0
BRDA:147,15,1,0
BRDA:152,16,0,0
BRDA:152,16,1,0
BRDA:152,17,0,0
BRDA:152,17,1,0
BRDA:157,18,0,0
BRDA:157,18,1,0
BRDA:162,19,0,0
BRDA:162,19,1,0
BRDA:167,20,0,0
BRDA:167,20,1,0
BRDA:172,21,0,0
BRDA:172,21,1,0
BRDA:178,22,0,0
BRDA:178,22,1,0
BRDA:186,23,0,0
BRDA:186,23,1,0
BRDA:187,24,0,0
BRDA:187,24,1,0
BRDA:210,25,0,0
BRDA:210,25,1,0
BRDA:226,26,0,0
BRDA:226,26,1,0
BRDA:227,27,0,0
BRDA:227,27,1,0
BRDA:240,28,0,0
BRDA:240,29,0,0
BRDA:255,30,0,0
BRDA:255,30,1,0
BRDA:260,31,0,0
BRDA:260,31,1,0
BRDA:288,32,0,0
BRDA:288,32,1,0
BRDA:296,33,0,0
BRDA:352,34,0,0
BRDA:352,34,1,0
BRDA:362,35,0,0
BRDA:363,36,0,0
BRDA:364,37,0,0
BRDA:365,38,0,0
BRDA:370,39,0,0
BRDA:372,40,0,0
BRDA:373,41,0,0
BRDA:395,42,0,0
BRDA:395,42,1,0
BRDA:419,43,0,0
BRDA:423,44,0,0
BRDA:423,44,1,0
BRDA:423,44,2,0
BRDA:423,44,3,0
BRDA:423,44,4,0
BRDA:452,45,0,0
BRDA:452,45,1,0
BRDA:477,46,0,0
BRDA:477,46,1,0
BRDA:482,47,0,0
BRDA:482,47,1,0
BRDA:485,48,0,0
BRDA:485,48,1,0
BRDA:493,49,0,0
BRDA:493,49,1,0
BRDA:539,50,0,0
BRDA:539,50,1,0
BRDA:546,51,0,0
BRDA:558,52,0,0
BRDA:558,52,1,0
BRDA:570,53,0,0
BRDA:570,53,1,0
BRDA:571,54,0,0
BRDA:571,54,1,0
BRDA:572,55,0,0
BRDA:572,55,1,0
BRDA:573,56,0,0
BRDA:573,56,1,0
BRDA:574,57,0,0
BRDA:574,57,1,0
BRDA:574,57,2,0
BRDA:575,58,0,0
BRDA:575,58,1,0
BRDA:576,59,0,0
BRDA:576,59,1,0
BRDA:576,59,2,0
BRDA:577,60,0,0
BRDA:577,60,1,0
BRDA:578,61,0,0
BRDA:578,61,1,0
BRDA:579,62,0,0
BRDA:579,62,1,0
BRDA:580,63,0,0
BRDA:580,63,1,0
BRDA:607,64,0,0
BRDA:607,64,1,0
BRDA:608,65,0,0
BRDA:608,65,1,0
BRDA:612,66,0,0
BRDA:612,66,1,0
BRDA:613,67,0,0
BRDA:613,67,1,0
BRDA:644,68,0,0
BRDA:644,68,1,0
BRDA:660,69,0,0
BRDA:660,69,1,0
BRDA:673,70,0,0
BRDA:673,70,1,0
BRDA:707,71,0,0
BRDA:707,71,1,0
BRDA:708,72,0,0
BRDA:708,72,1,0
BRF:134
BRH:0
end_of_record
TN:
SF:routes\auth.js
FN:34,(anonymous_0)
FN:184,(anonymous_1)
FN:245,(anonymous_2)
FN:283,(anonymous_3)
FN:323,(anonymous_4)
FN:392,(anonymous_5)
FNF:6
FNH:0
FNDA:0,(anonymous_0)
FNDA:0,(anonymous_1)
FNDA:0,(anonymous_2)
FNDA:0,(anonymous_3)
FNDA:0,(anonymous_4)
FNDA:0,(anonymous_5)
DA:12,0
DA:13,0
DA:14,0
DA:19,0
DA:25,0
DA:34,0
DA:35,0
DA:36,0
DA:37,0
DA:38,0
DA:45,0
DA:46,0
DA:49,0
DA:50,0
DA:51,0
DA:58,0
DA:59,0
DA:62,0
DA:63,0
DA:64,0
DA:65,0
DA:71,0
DA:77,0
DA:80,0
DA:81,0
DA:87,0
DA:88,0
DA:96,0
DA:97,0
DA:98,0
DA:102,0
DA:103,0
DA:114,0
DA:115,0
DA:116,0
DA:122,0
DA:130,0
DA:133,0
DA:137,0
DA:140,0
DA:141,0
DA:147,0
DA:154,0
DA:161,0
DA:175,0
DA:176,0
DA:184,0
DA:185,0
DA:186,0
DA:187,0
DA:188,0
DA:195,0
DA:198,0
DA:199,0
DA:200,0
DA:207,0
DA:210,0
DA:220,0
DA:225,0
DA:236,0
DA:237,0
DA:245,0
DA:246,0
DA:247,0
DA:249,0
DA:250,0
DA:257,0
DA:259,0
DA:260,0
DA:267,0
DA:269,0
DA:275,0
DA:283,0
DA:284,0
DA:285,0
DA:287,0
DA:288,0
DA:289,0
DA:292,0
DA:294,0
DA:298,0
DA:307,0
DA:309,0
DA:314,0
DA:315,0
DA:323,0
DA:324,0
DA:325,0
DA:327,0
DA:328,0
DA:334,0
DA:338,0
DA:339,0
DA:345,0
DA:346,0
DA:353,0
DA:354,0
DA:355,0
DA:361,0
DA:369,0
DA:374,0
DA:382,0
DA:393,0
DA:394,0
DA:395,0
DA:396,0
DA:403,0
DA:404,0
DA:406,0
DA:407,0
DA:413,0
DA:414,0
DA:416,0
DA:417,0
DA:424,0
DA:428,0
DA:429,0
DA:436,0
DA:439,0
DA:444,0
DA:448,0
DA:453,0
DA:454,0
LF:123
LH:0
BRDA:15,0,0,0
BRDA:15,0,1,0
BRDA:37,1,0,0
BRDA:37,1,1,0
BRDA:50,2,0,0
BRDA:50,2,1,0
BRDA:62,3,0,0
BRDA:62,3,1,0
BRDA:63,4,0,0
BRDA:63,4,1,0
BRDA:80,5,0,0
BRDA:80,5,1,0
BRDA:80,6,0,0
BRDA:80,6,1,0
BRDA:87,7,0,0
BRDA:87,7,1,0
BRDA:87,8,0,0
BRDA:87,8,1,0
BRDA:97,9,0,0
BRDA:97,9,1,0
BRDA:102,10,0,0
BRDA:102,10,1,0
BRDA:107,11,0,0
BRDA:107,11,1,0
BRDA:114,12,0,0
BRDA:114,12,1,0
BRDA:140,13,0,0
BRDA:140,13,1,0
BRDA:140,14,0,0
BRDA:140,14,1,0
BRDA:140,14,2,0
BRDA:187,15,0,0
BRDA:187,15,1,0
BRDA:199,16,0,0
BRDA:199,16,1,0
BRDA:249,17,0,0
BRDA:249,17,1,0
BRDA:259,18,0,0
BRDA:259,18,1,0
BRDA:287,19,0,0
BRDA:287,19,1,0
BRDA:292,20,0,0
BRDA:292,20,1,0
BRDA:327,21,0,0
BRDA:327,21,1,0
BRDA:338,22,0,0
BRDA:338,22,1,0
BRDA:345,23,0,0
BRDA:345,23,1,0
BRDA:354,24,0,0
BRDA:354,24,1,0
BRDA:395,25,0,0
BRDA:395,25,1,0
BRDA:406,26,0,0
BRDA:406,26,1,0
BRDA:416,27,0,0
BRDA:416,27,1,0
BRDA:428,28,0,0
BRDA:428,28,1,0
BRF:59
BRH:0
end_of_record
TN:
SF:routes\autoLogin.js
FN:52,(anonymous_0)
FN:57,(anonymous_1)
FN:65,(anonymous_2)
FN:72,(anonymous_3)
FN:77,(anonymous_4)
FN:83,(anonymous_5)
FN:108,(anonymous_6)
FN:112,(anonymous_7)
FN:130,(anonymous_8)
FN:192,(anonymous_9)
FN:222,(anonymous_10)
FN:226,(anonymous_11)
FN:273,(anonymous_12)
FN:277,(anonymous_13)
FN:300,(anonymous_14)
FN:308,(anonymous_15)
FN:334,simulateLoginProcess
FN:342,(anonymous_17)
FN:364,(anonymous_18)
FN:405,(anonymous_19)
FNF:20
FNH:0
FNDA:0,(anonymous_0)
FNDA:0,(anonymous_1)
FNDA:0,(anonymous_2)
FNDA:0,(anonymous_3)
FNDA:0,(anonymous_4)
FNDA:0,(anonymous_5)
FNDA:0,(anonymous_6)
FNDA:0,(anonymous_7)
FNDA:0,(anonymous_8)
FNDA:0,(anonymous_9)
FNDA:0,(anonymous_10)
FNDA:0,(anonymous_11)
FNDA:0,(anonymous_12)
FNDA:0,(anonymous_13)
FNDA:0,(anonymous_14)
FNDA:0,(anonymous_15)
FNDA:0,simulateLoginProcess
FNDA:0,(anonymous_17)
FNDA:0,(anonymous_18)
FNDA:0,(anonymous_19)
DA:2,0
DA:5,0
DA:6,0
DA:21,0
DA:52,0
DA:53,0
DA:57,0
DA:58,0
DA:59,0
DA:60,0
DA:65,0
DA:66,0
DA:67,0
DA:69,0
DA:71,0
DA:72,0
DA:75,0
DA:76,0
DA:77,0
DA:82,0
DA:83,0
DA:87,0
DA:88,0
DA:91,0
DA:98,0
DA:99,0
DA:108,0
DA:109,0
DA:111,0
DA:112,0
DA:115,0
DA:120,0
DA:121,0
DA:130,0
DA:131,0
DA:132,0
DA:135,0
DA:136,0
DA:142,0
DA:143,0
DA:150,0
DA:151,0
DA:158,0
DA:159,0
DA:183,0
DA:186,0
DA:187,0
DA:188,0
DA:192,0
DA:193,0
DA:203,0
DA:212,0
DA:213,0
DA:222,0
DA:223,0
DA:224,0
DA:226,0
DA:227,0
DA:228,0
DA:234,0
DA:237,0
DA:238,0
DA:245,0
DA:246,0
DA:247,0
DA:248,0
DA:255,0
DA:257,0
DA:263,0
DA:264,0
DA:273,0
DA:274,0
DA:275,0
DA:277,0
DA:278,0
DA:279,0
DA:285,0
DA:290,0
DA:291,0
DA:300,0
DA:301,0
DA:302,0
DA:304,0
DA:305,0
DA:308,0
DA:309,0
DA:310,0
DA:313,0
DA:315,0
DA:324,0
DA:325,0
DA:342,0
DA:343,0
DA:345,0
DA:346,0
DA:348,0
DA:349,0
DA:350,0
DA:353,0
DA:354,0
DA:355,0
DA:361,0
DA:364,0
DA:367,0
DA:369,0
DA:370,0
DA:371,0
DA:372,0
DA:373,0
DA:375,0
DA:376,0
DA:380,0
DA:381,0
DA:385,0
DA:386,0
DA:387,0
DA:388,0
DA:396,0
DA:397,0
DA:399,0
DA:400,0
DA:401,0
DA:404,0
DA:405,0
DA:408,0
DA:413,0
DA:415,0
DA:416,0
DA:417,0
DA:418,0
DA:420,0
LF:131
LH:0
BRDA:59,0,0,0
BRDA:59,0,1,0
BRDA:67,1,0,0
BRDA:71,2,0,0
BRDA:71,2,1,0
BRDA:71,3,0,0
BRDA:71,3,1,0
BRDA:75,4,0,0
BRDA:75,4,1,0
BRDA:75,5,0,0
BRDA:75,5,1,0
BRDA:87,6,0,0
BRDA:87,6,1,0
BRDA:132,7,0,0
BRDA:135,8,0,0
BRDA:135,8,1,0
BRDA:135,9,0,0
BRDA:135,9,1,0
BRDA:135,9,2,0
BRDA:142,10,0,0
BRDA:142,10,1,0
BRDA:142,11,0,0
BRDA:142,11,1,0
BRDA:150,12,0,0
BRDA:150,12,1,0
BRDA:187,13,0,0
BRDA:187,13,1,0
BRDA:227,14,0,0
BRDA:227,14,1,0
BRDA:237,15,0,0
BRDA:237,15,1,0
BRDA:237,16,0,0
BRDA:237,16,1,0
BRDA:278,17,0,0
BRDA:278,17,1,0
BRDA:302,18,0,0
BRDA:310,19,0,0
BRDA:310,19,1,0
BRDA:343,20,0,0
BRDA:343,20,1,0
BRDA:367,21,0,0
BRDA:367,21,1,0
BRDA:367,22,0,0
BRDA:367,22,1,0
BRDA:391,23,0,0
BRDA:391,23,1,0
BRDA:392,24,0,0
BRDA:392,24,1,0
BRDA:396,25,0,0
BRDA:396,25,1,0
BRF:50
BRH:0
end_of_record
TN:
SF:routes\chromeAutomation.js
FN:17,(anonymous_0)
FN:45,(anonymous_1)
FN:71,(anonymous_2)
FN:97,(anonymous_3)
FN:123,(anonymous_4)
FN:149,(anonymous_5)
FN:175,(anonymous_6)
FN:203,(anonymous_7)
FN:232,(anonymous_8)
FN:261,(anonymous_9)
FN:290,(anonymous_10)
FNF:11
FNH:0
FNDA:0,(anonymous_0)
FNDA:0,(anonymous_1)
FNDA:0,(anonymous_2)
FNDA:0,(anonymous_3)
FNDA:0,(anonymous_4)
FNDA:0,(anonymous_5)
FNDA:0,(anonymous_6)
FNDA:0,(anonymous_7)
FNDA:0,(anonymous_8)
FNDA:0,(anonymous_9)
FNDA:0,(anonymous_10)
DA:11,0
DA:17,0
DA:18,0
DA:19,0
DA:20,0
DA:26,0
DA:27,0
DA:39,0
DA:46,0
DA:47,0
DA:48,0
DA:50,0
DA:56,0
DA:57,0
DA:69,0
DA:72,0
DA:73,0
DA:74,0
DA:76,0
DA:78,0
DA:84,0
DA:85,0
DA:97,0
DA:98,0
DA:99,0
DA:100,0
DA:102,0
DA:108,0
DA:109,0
DA:121,0
DA:124,0
DA:125,0
DA:126,0
DA:128,0
DA:130,0
DA:136,0
DA:137,0
DA:149,0
DA:150,0
DA:151,0
DA:152,0
DA:154,0
DA:160,0
DA:161,0
DA:173,0
DA:176,0
DA:177,0
DA:178,0
DA:180,0
DA:182,0
DA:188,0
DA:189,0
DA:201,0
DA:204,0
DA:205,0
DA:206,0
DA:208,0
DA:213,0
DA:219,0
DA:220,0
DA:232,0
DA:233,0
DA:234,0
DA:236,0
DA:240,0
DA:246,0
DA:247,0
DA:259,0
DA:262,0
DA:263,0
DA:264,0
DA:266,0
DA:271,0
DA:277,0
DA:278,0
DA:290,0
DA:291,0
DA:292,0
DA:294,0
DA:299,0
DA:300,0
LF:81
LH:0
BRDA:206,0,0,0
BRF:1
BRH:0
end_of_record
TN:
SF:routes\chromeMonitoring.js
FN:16,(anonymous_0)
FN:21,(anonymous_1)
FN:39,(anonymous_2)
FN:68,(anonymous_3)
FN:99,(anonymous_4)
FN:125,(anonymous_5)
FN:150,(anonymous_6)
FN:176,(anonymous_7)
FN:200,(anonymous_8)
FN:265,(anonymous_9)
FN:296,(anonymous_10)
FN:307,(anonymous_11)
FN:315,(anonymous_12)
FN:327,(anonymous_13)
FN:334,(anonymous_14)
FN:343,(anonymous_15)
FN:365,(anonymous_16)
FN:395,(anonymous_17)
FN:435,(anonymous_18)
FN:452,(anonymous_19)
FNF:20
FNH:0
FNDA:0,(anonymous_0)
FNDA:0,(anonymous_1)
FNDA:0,(anonymous_2)
FNDA:0,(anonymous_3)
FNDA:0,(anonymous_4)
FNDA:0,(anonymous_5)
FNDA:0,(anonymous_6)
FNDA:0,(anonymous_7)
FNDA:0,(anonymous_8)
FNDA:0,(anonymous_9)
FNDA:0,(anonymous_10)
FNDA:0,(anonymous_11)
FNDA:0,(anonymous_12)
FNDA:0,(anonymous_13)
FNDA:0,(anonymous_14)
FNDA:0,(anonymous_15)
FNDA:0,(anonymous_16)
FNDA:0,(anonymous_17)
FNDA:0,(anonymous_18)
FNDA:0,(anonymous_19)
DA:10,0
DA:13,0
DA:16,0
DA:17,0
DA:21,0
DA:22,0
DA:23,0
DA:28,0
DA:35,0
DA:40,0
DA:41,0
DA:43,0
DA:50,0
DA:51,0
DA:64,0
DA:69,0
DA:70,0
DA:71,0
DA:73,0
DA:74,0
DA:80,0
DA:85,0
DA:86,0
DA:99,0
DA:100,0
DA:101,0
DA:103,0
DA:108,0
DA:109,0
DA:121,0
DA:126,0
DA:127,0
DA:129,0
DA:131,0
DA:136,0
DA:137,0
DA:150,0
DA:151,0
DA:152,0
DA:154,0
DA:159,0
DA:160,0
DA:172,0
DA:177,0
DA:178,0
DA:180,0
DA:186,0
DA:187,0
DA:200,0
DA:201,0
DA:202,0
DA:205,0
DA:206,0
DA:209,0
DA:210,0
DA:218,0
DA:219,0
DA:227,0
DA:229,0
DA:239,0
DA:248,0
DA:249,0
DA:261,0
DA:266,0
DA:267,0
DA:270,0
DA:279,0
DA:280,0
DA:281,0
DA:285,0
DA:291,0
DA:292,0
DA:296,0
DA:297,0
DA:298,0
DA:307,0
DA:308,0
DA:309,0
DA:315,0
DA:316,0
DA:317,0
DA:318,0
DA:322,0
DA:323,0
DA:324,0
DA:327,0
DA:328,0
DA:329,0
DA:330,0
DA:334,0
DA:335,0
DA:343,0
DA:344,0
DA:347,0
DA:348,0
DA:361,0
DA:366,0
DA:367,0
DA:368,0
DA:370,0
DA:371,0
DA:372,0
DA:379,0
DA:380,0
DA:383,0
DA:384,0
DA:389,0
DA:395,0
DA:396,0
DA:397,0
DA:399,0
DA:403,0
DA:409,0
DA:417,0
DA:418,0
DA:431,0
DA:436,0
DA:437,0
DA:438,0
DA:439,0
DA:441,0
DA:452,0
DA:467,0
DA:468,0
DA:476,0
DA:477,0
DA:485,0
DA:486,0
DA:494,0
DA:499,0
DA:500,0
LF:131
LH:0
BRDA:22,0,0,0
BRDA:22,0,1,0
BRDA:73,1,0,0
BRDA:73,1,1,0
BRDA:209,2,0,0
BRDA:209,2,1,0
BRDA:218,3,0,0
BRDA:218,3,1,0
BRDA:227,4,0,0
BRDA:227,4,1,0
BRDA:280,5,0,0
BRDA:280,5,1,0
BRDA:297,6,0,0
BRDA:297,6,1,0
BRDA:308,7,0,0
BRDA:308,7,1,0
BRDA:316,8,0,0
BRDA:316,8,1,0
BRDA:368,9,0,0
BRDA:371,10,0,0
BRDA:371,10,1,0
BRDA:380,11,0,0
BRDA:380,11,1,0
BRDA:383,12,0,0
BRDA:383,12,1,0
BRDA:386,13,0,0
BRDA:386,13,1,0
BRDA:391,14,0,0
BRDA:391,14,1,0
BRDA:396,15,0,0
BRDA:396,15,1,0
BRDA:437,16,0,0
BRDA:467,17,0,0
BRDA:467,17,1,0
BRDA:476,18,0,0
BRDA:476,18,1,0
BRDA:485,19,0,0
BRDA:485,19,1,0
BRF:38
BRH:0
end_of_record
TN:
SF:routes\enhanced2FA.js
FN:16,(anonymous_0)
FN:21,(anonymous_1)
FN:44,(anonymous_2)
FN:92,(anonymous_3)
FN:130,(anonymous_4)
FN:180,(anonymous_5)
FN:213,(anonymous_6)
FN:242,(anonymous_7)
FN:279,(anonymous_8)
FN:315,(anonymous_9)
FN:338,(anonymous_10)
FN:360,(anonymous_11)
FN:366,(anonymous_12)
FN:370,(anonymous_13)
FN:374,(anonymous_14)
FNF:15
FNH:0
FNDA:0,(anonymous_0)
FNDA:0,(anonymous_1)
FNDA:0,(anonymous_2)
FNDA:0,(anonymous_3)
FNDA:0,(anonymous_4)
FNDA:0,(anonymous_5)
FNDA:0,(anonymous_6)
FNDA:0,(anonymous_7)
FNDA:0,(anonymous_8)
FNDA:0,(anonymous_9)
FNDA:0,(anonymous_10)
FNDA:0,(anonymous_11)
FNDA:0,(anonymous_12)
FNDA:0,(anonymous_13)
FNDA:0,(anonymous_14)
DA:10,0
DA:13,0
DA:16,0
DA:17,0
DA:21,0
DA:22,0
DA:23,0
DA:28,0
DA:35,0
DA:45,0
DA:46,0
DA:48,0
DA:55,0
DA:59,0
DA:70,0
DA:71,0
DA:84,0
DA:93,0
DA:94,0
DA:96,0
DA:102,0
DA:108,0
DA:109,0
DA:122,0
DA:131,0
DA:132,0
DA:134,0
DA:140,0
DA:142,0
DA:148,0
DA:151,0
DA:152,0
DA:153,0
DA:154,0
DA:155,0
DA:156,0
DA:157,0
DA:160,0
DA:173,0
DA:181,0
DA:182,0
DA:184,0
DA:186,0
DA:192,0
DA:193,0
DA:206,0
DA:214,0
DA:215,0
DA:217,0
DA:222,0
DA:228,0
DA:229,0
DA:242,0
DA:243,0
DA:244,0
DA:246,0
DA:248,0
DA:249,0
DA:255,0
DA:260,0
DA:261,0
DA:273,0
DA:280,0
DA:281,0
DA:282,0
DA:284,0
DA:289,0
DA:290,0
DA:295,0
DA:301,0
DA:302,0
DA:315,0
DA:316,0
DA:317,0
DA:319,0
DA:325,0
DA:326,0
DA:338,0
DA:339,0
DA:340,0
DA:342,0
DA:347,0
DA:348,0
DA:360,0
DA:361,0
DA:362,0
DA:364,0
DA:367,0
DA:368,0
DA:371,0
DA:372,0
DA:375,0
DA:376,0
DA:381,0
DA:386,0
DA:387,0
LF:96
LH:0
BRDA:22,0,0,0
BRDA:22,0,1,0
BRDA:94,1,0,0
BRDA:152,2,0,0
BRDA:152,2,1,0
BRDA:154,3,0,0
BRDA:154,3,1,0
BRDA:156,4,0,0
BRDA:156,4,1,0
BRDA:248,5,0,0
BRDA:248,5,1,0
BRDA:282,6,0,0
BRDA:289,7,0,0
BRDA:289,7,1,0
BRDA:367,8,0,0
BRDA:367,8,1,0
BRDA:371,9,0,0
BRDA:371,9,1,0
BRDA:375,10,0,0
BRDA:375,10,1,0
BRF:20
BRH:0
end_of_record
TN:
SF:routes\loginRequests.js
FN:50,(anonymous_0)
FN:58,(anonymous_1)
FN:64,(anonymous_2)
FN:68,(anonymous_3)
FN:88,(anonymous_4)
FN:91,(anonymous_5)
FN:115,(anonymous_6)
FN:161,(anonymous_7)
FN:166,(anonymous_8)
FN:209,(anonymous_9)
FN:212,(anonymous_10)
FN:243,(anonymous_11)
FN:257,(anonymous_12)
FN:258,(anonymous_13)
FN:300,(anonymous_14)
FN:304,(anonymous_15)
FN:305,(anonymous_16)
FN:306,(anonymous_17)
FN:307,(anonymous_18)
FN:308,(anonymous_19)
FN:309,(anonymous_20)
FNF:21
FNH:0
FNDA:0,(anonymous_0)
FNDA:0,(anonymous_1)
FNDA:0,(anonymous_2)
FNDA:0,(anonymous_3)
FNDA:0,(anonymous_4)
FNDA:0,(anonymous_5)
FNDA:0,(anonymous_6)
FNDA:0,(anonymous_7)
FNDA:0,(anonymous_8)
FNDA:0,(anonymous_9)
FNDA:0,(anonymous_10)
FNDA:0,(anonymous_11)
FNDA:0,(anonymous_12)
FNDA:0,(anonymous_13)
FNDA:0,(anonymous_14)
FNDA:0,(anonymous_15)
FNDA:0,(anonymous_16)
FNDA:0,(anonymous_17)
FNDA:0,(anonymous_18)
FNDA:0,(anonymous_19)
FNDA:0,(anonymous_20)
DA:8,0
DA:11,0
DA:47,0
DA:50,0
DA:51,0
DA:53,0
DA:55,0
DA:57,0
DA:58,0
DA:59,0
DA:63,0
DA:64,0
DA:68,0
DA:71,0
DA:73,0
DA:79,0
DA:88,0
DA:89,0
DA:90,0
DA:91,0
DA:93,0
DA:94,0
DA:100,0
DA:106,0
DA:115,0
DA:116,0
DA:117,0
DA:119,0
DA:120,0
DA:126,0
DA:138,0
DA:139,0
DA:142,0
DA:143,0
DA:146,0
DA:152,0
DA:161,0
DA:162,0
DA:163,0
DA:164,0
DA:166,0
DA:168,0
DA:169,0
DA:175,0
DA:178,0
DA:184,0
DA:187,0
DA:188,0
DA:194,0
DA:200,0
DA:209,0
DA:210,0
DA:211,0
DA:212,0
DA:214,0
DA:215,0
DA:221,0
DA:222,0
DA:225,0
DA:226,0
DA:229,0
DA:234,0
DA:243,0
DA:244,0
DA:245,0
DA:247,0
DA:248,0
DA:254,0
DA:255,0
DA:257,0
DA:258,0
DA:260,0
DA:261,0
DA:263,0
DA:264,0
DA:270,0
DA:273,0
DA:274,0
DA:282,0
DA:291,0
DA:300,0
DA:301,0
DA:302,0
DA:304,0
DA:305,0
DA:306,0
DA:307,0
DA:308,0
DA:309,0
DA:312,0
DA:314,0
DA:320,0
LF:92
LH:0
BRDA:55,0,0,0
BRDA:57,1,0,0
BRDA:57,1,1,0
BRDA:63,2,0,0
BRDA:63,2,1,0
BRDA:93,3,0,0
BRDA:93,3,1,0
BRDA:117,4,0,0
BRDA:119,5,0,0
BRDA:119,5,1,0
BRDA:119,6,0,0
BRDA:119,6,1,0
BRDA:119,6,2,0
BRDA:142,7,0,0
BRDA:142,7,1,0
BRDA:168,8,0,0
BRDA:168,8,1,0
BRDA:187,9,0,0
BRDA:187,9,1,0
BRDA:214,10,0,0
BRDA:214,10,1,0
BRDA:225,11,0,0
BRDA:225,11,1,0
BRDA:247,12,0,0
BRDA:247,12,1,0
BRDA:247,13,0,0
BRDA:247,13,1,0
BRDA:247,13,2,0
BRDA:260,14,0,0
BRDA:260,14,1,0
BRDA:273,15,0,0
BRDA:273,15,1,0
BRDA:312,16,0,0
BRDA:312,16,1,0
BRF:34
BRH:0
end_of_record
TN:
SF:routes\monitoring.js
FN:17,(anonymous_0)
FN:28,(anonymous_1)
FN:39,(anonymous_2)
FN:52,(anonymous_3)
FN:63,(anonymous_4)
FN:82,(anonymous_5)
FN:99,(anonymous_6)
FN:106,(anonymous_7)
FN:131,(anonymous_8)
FN:163,(anonymous_9)
FN:164,(anonymous_10)
FN:168,(anonymous_11)
FN:172,(anonymous_12)
FN:176,(anonymous_13)
FN:180,(anonymous_14)
FN:196,(anonymous_15)
FN:206,(anonymous_16)
FN:217,(anonymous_17)
FN:221,(anonymous_18)
FNF:19
FNH:0
FNDA:0,(anonymous_0)
FNDA:0,(anonymous_1)
FNDA:0,(anonymous_2)
FNDA:0,(anonymous_3)
FNDA:0,(anonymous_4)
FNDA:0,(anonymous_5)
FNDA:0,(anonymous_6)
FNDA:0,(anonymous_7)
FNDA:0,(anonymous_8)
FNDA:0,(anonymous_9)
FNDA:0,(anonymous_10)
FNDA:0,(anonymous_11)
FNDA:0,(anonymous_12)
FNDA:0,(anonymous_13)
FNDA:0,(anonymous_14)
FNDA:0,(anonymous_15)
FNDA:0,(anonymous_16)
FNDA:0,(anonymous_17)
FNDA:0,(anonymous_18)
DA:10,0
DA:11,0
DA:14,0
DA:17,0
DA:18,0
DA:20,0
DA:28,0
DA:29,0
DA:31,0
DA:39,0
DA:40,0
DA:41,0
DA:43,0
DA:52,0
DA:53,0
DA:55,0
DA:63,0
DA:64,0
DA:65,0
DA:67,0
DA:68,0
DA:74,0
DA:82,0
DA:83,0
DA:84,0
DA:86,0
DA:87,0
DA:88,0
DA:90,0
DA:99,0
DA:100,0
DA:101,0
DA:102,0
DA:106,0
DA:107,0
DA:108,0
DA:114,0
DA:115,0
DA:123,0
DA:131,0
DA:132,0
DA:133,0
DA:134,0
DA:136,0
DA:137,0
DA:143,0
DA:163,0
DA:164,0
DA:168,0
DA:172,0
DA:176,0
DA:180,0
DA:188,0
DA:196,0
DA:197,0
DA:206,0
DA:207,0
DA:209,0
DA:217,0
DA:218,0
DA:221,0
DA:222,0
LF:62
LH:0
BRDA:20,0,0,0
BRDA:20,0,1,0
BRDA:40,1,0,0
BRDA:40,1,1,0
BRDA:67,2,0,0
BRDA:67,2,1,0
BRDA:83,3,0,0
BRDA:83,3,1,0
BRDA:86,4,0,0
BRDA:86,4,1,0
BRDA:107,5,0,0
BRDA:107,5,1,0
BRDA:116,6,0,0
BRDA:116,6,1,0
BRDA:117,7,0,0
BRDA:117,7,1,0
BRDA:136,8,0,0
BRDA:136,8,1,0
BRDA:212,9,0,0
BRDA:212,9,1,0
BRF:20
BRH:0
end_of_record
TN:
SF:routes\public.js
FN:41,(anonymous_0)
FN:58,(anonymous_1)
FN:60,(anonymous_2)
FN:83,(anonymous_3)
FN:89,(anonymous_4)
FN:109,(anonymous_5)
FN:116,(anonymous_6)
FNF:7
FNH:0
FNDA:0,(anonymous_0)
FNDA:0,(anonymous_1)
FNDA:0,(anonymous_2)
FNDA:0,(anonymous_3)
FNDA:0,(anonymous_4)
FNDA:0,(anonymous_5)
FNDA:0,(anonymous_6)
DA:8,0
DA:11,0
DA:32,0
DA:41,0
DA:42,0
DA:43,0
DA:49,0
DA:58,0
DA:59,0
DA:60,0
DA:61,0
DA:62,0
DA:68,0
DA:74,0
DA:83,0
DA:84,0
DA:85,0
DA:86,0
DA:88,0
DA:89,0
DA:92,0
DA:94,0
DA:100,0
DA:109,0
DA:111,0
DA:112,0
DA:116,0
DA:117,0
LF:28
LH:0
BRDA:61,0,0,0
BRDA:61,0,1,0
BRDA:85,1,0,0
BRDA:88,2,0,0
BRDA:88,2,1,0
BRF:5
BRH:0
end_of_record
TN:
SF:routes\retryManagement.js
FN:17,(anonymous_0)
FN:22,(anonymous_1)
FN:47,(anonymous_2)
FN:108,(anonymous_3)
FN:146,(anonymous_4)
FN:186,(anonymous_5)
FN:215,(anonymous_6)
FN:241,(anonymous_7)
FN:248,(anonymous_8)
FN:269,(anonymous_9)
FN:270,(anonymous_10)
FN:272,(anonymous_11)
FN:299,(anonymous_12)
FN:333,(anonymous_13)
FN:341,(anonymous_14)
FN:347,(anonymous_15)
FN:359,(anonymous_16)
FN:376,(anonymous_17)
FN:378,(anonymous_18)
FN:379,(anonymous_19)
FN:381,(anonymous_20)
FN:406,(anonymous_21)
FN:439,(anonymous_22)
FN:455,(anonymous_23)
FN:495,getErrorTypeRecommendation
FN:515,(anonymous_25)
FN:543,(anonymous_26)
FNF:27
FNH:0
FNDA:0,(anonymous_0)
FNDA:0,(anonymous_1)
FNDA:0,(anonymous_2)
FNDA:0,(anonymous_3)
FNDA:0,(anonymous_4)
FNDA:0,(anonymous_5)
FNDA:0,(anonymous_6)
FNDA:0,(anonymous_7)
FNDA:0,(anonymous_8)
FNDA:0,(anonymous_9)
FNDA:0,(anonymous_10)
FNDA:0,(anonymous_11)
FNDA:0,(anonymous_12)
FNDA:0,(anonymous_13)
FNDA:0,(anonymous_14)
FNDA:0,(anonymous_15)
FNDA:0,(anonymous_16)
FNDA:0,(anonymous_17)
FNDA:0,(anonymous_18)
FNDA:0,(anonymous_19)
FNDA:0,(anonymous_20)
FNDA:0,(anonymous_21)
FNDA:0,(anonymous_22)
FNDA:0,(anonymous_23)
FNDA:0,getErrorTypeRecommendation
FNDA:0,(anonymous_25)
FNDA:0,(anonymous_26)
DA:11,0
DA:14,0
DA:17,0
DA:18,0
DA:22,0
DA:23,0
DA:24,0
DA:29,0
DA:36,0
DA:48,0
DA:55,0
DA:57,0
DA:69,0
DA:73,0
DA:84,0
DA:86,0
DA:87,0
DA:88,0
DA:91,0
DA:104,0
DA:109,0
DA:110,0
DA:111,0
DA:113,0
DA:114,0
DA:120,0
DA:125,0
DA:126,0
DA:139,0
DA:147,0
DA:148,0
DA:149,0
DA:151,0
DA:156,0
DA:157,0
DA:162,0
DA:168,0
DA:169,0
DA:182,0
DA:187,0
DA:188,0
DA:190,0
DA:192,0
DA:201,0
DA:202,0
DA:215,0
DA:216,0
DA:217,0
DA:219,0
DA:224,0
DA:225,0
DA:237,0
DA:242,0
DA:243,0
DA:244,0
DA:247,0
DA:249,0
DA:250,0
DA:263,0
DA:269,0
DA:270,0
DA:272,0
DA:277,0
DA:278,0
DA:291,0
DA:300,0
DA:301,0
DA:304,0
DA:306,0
DA:310,0
DA:315,0
DA:316,0
DA:329,0
DA:334,0
DA:335,0
DA:339,0
DA:341,0
DA:348,0
DA:359,0
DA:360,0
DA:361,0
DA:362,0
DA:364,0
DA:365,0
DA:367,0
DA:370,0
DA:376,0
DA:378,0
DA:379,0
DA:381,0
DA:388,0
DA:389,0
DA:402,0
DA:407,0
DA:408,0
DA:409,0
DA:412,0
DA:413,0
DA:424,0
DA:425,0
DA:437,0
DA:438,0
DA:439,0
DA:442,0
DA:443,0
DA:454,0
DA:455,0
DA:456,0
DA:457,0
DA:467,0
DA:482,0
DA:483,0
DA:496,0
DA:505,0
DA:515,0
DA:516,0
DA:517,0
DA:520,0
DA:521,0
DA:524,0
DA:525,0
DA:526,0
DA:527,0
DA:528,0
DA:529,0
DA:533,0
DA:534,0
DA:535,0
DA:536,0
DA:537,0
DA:538,0
DA:542,0
DA:543,0
DA:545,0
DA:546,0
DA:547,0
DA:551,0
DA:552,0
DA:553,0
DA:554,0
DA:555,0
DA:556,0
DA:557,0
DA:560,0
DA:577,0
DA:578,0
LF:146
LH:0
BRDA:23,0,0,0
BRDA:23,0,1,0
BRDA:54,1,0,0
BRDA:87,2,0,0
BRDA:87,2,1,0
BRDA:113,3,0,0
BRDA:113,3,1,0
BRDA:149,4,0,0
BRDA:156,5,0,0
BRDA:156,5,1,0
BRDA:198,6,0,0
BRDA:198,6,1,0
BRDA:335,7,0,0
BRDA:339,8,0,0
BRDA:339,8,1,0
BRDA:348,9,0,0
BRDA:348,9,1,0
BRDA:361,10,0,0
BRDA:361,10,1,0
BRDA:362,11,0,0
BRDA:362,11,1,0
BRDA:364,12,0,0
BRDA:364,12,1,0
BRDA:412,13,0,0
BRDA:412,13,1,0
BRDA:424,14,0,0
BRDA:424,14,1,0
BRDA:442,15,0,0
BRDA:442,15,1,0
BRDA:456,16,0,0
BRDA:456,16,1,0
BRDA:506,17,0,0
BRDA:506,17,1,0
BRDA:524,18,0,0
BRDA:524,18,1,0
BRDA:527,19,0,0
BRDA:527,19,1,0
BRDA:533,20,0,0
BRDA:533,20,1,0
BRDA:536,21,0,0
BRDA:536,21,1,0
BRDA:545,22,0,0
BRDA:545,22,1,0
BRDA:552,23,0,0
BRDA:552,23,1,0
BRDA:554,24,0,0
BRDA:554,24,1,0
BRDA:556,25,0,0
BRDA:556,25,1,0
BRF:49
BRH:0
end_of_record
TN:
SF:routes\system.js
FN:28,(anonymous_0)
FN:32,(anonymous_1)
FN:57,(anonymous_2)
FN:90,(anonymous_3)
FN:119,(anonymous_4)
FN:140,(anonymous_5)
FN:145,(anonymous_6)
FN:150,(anonymous_7)
FN:154,(anonymous_8)
FN:176,(anonymous_9)
FN:188,(anonymous_10)
FN:200,(anonymous_11)
FN:201,(anonymous_12)
FN:202,(anonymous_13)
FN:203,(anonymous_14)
FN:211,(anonymous_15)
FN:231,(anonymous_16)
FN:247,formatUptime
FN:261,getStatusCodeStats
FN:263,(anonymous_19)
FN:270,getTopEndpoints
FN:272,(anonymous_21)
FN:278,(anonymous_22)
FN:280,(anonymous_23)
FN:283,generateSystemAlerts
FN:321,(anonymous_25)
FN:324,generateResourceTimeSeries
FN:361,generateSystemLogs
FN:415,(anonymous_28)
FNF:29
FNH:0
FNDA:0,(anonymous_0)
FNDA:0,(anonymous_1)
FNDA:0,(anonymous_2)
FNDA:0,(anonymous_3)
FNDA:0,(anonymous_4)
FNDA:0,(anonymous_5)
FNDA:0,(anonymous_6)
FNDA:0,(anonymous_7)
FNDA:0,(anonymous_8)
FNDA:0,(anonymous_9)
FNDA:0,(anonymous_10)
FNDA:0,(anonymous_11)
FNDA:0,(anonymous_12)
FNDA:0,(anonymous_13)
FNDA:0,(anonymous_14)
FNDA:0,(anonymous_15)
FNDA:0,(anonymous_16)
FNDA:0,formatUptime
FNDA:0,getStatusCodeStats
FNDA:0,(anonymous_19)
FNDA:0,getTopEndpoints
FNDA:0,(anonymous_21)
FNDA:0,(anonymous_22)
FNDA:0,(anonymous_23)
FNDA:0,generateSystemAlerts
FNDA:0,(anonymous_25)
FNDA:0,generateResourceTimeSeries
FNDA:0,generateSystemLogs
FNDA:0,(anonymous_28)
DA:10,0
DA:13,0
DA:25,0
DA:28,0
DA:29,0
DA:30,0
DA:32,0
DA:33,0
DA:34,0
DA:44,0
DA:45,0
DA:48,0
DA:49,0
DA:53,0
DA:57,0
DA:58,0
DA:59,0
DA:61,0
DA:90,0
DA:91,0
DA:92,0
DA:95,0
DA:119,0
DA:120,0
DA:122,0
DA:140,0
DA:141,0
DA:142,0
DA:144,0
DA:145,0
DA:149,0
DA:150,0
DA:153,0
DA:154,0
DA:157,0
DA:159,0
DA:176,0
DA:177,0
DA:179,0
DA:188,0
DA:189,0
DA:192,0
DA:194,0
DA:200,0
DA:201,0
DA:202,0
DA:203,0
DA:211,0
DA:212,0
DA:231,0
DA:232,0
DA:235,0
DA:237,0
DA:248,0
DA:249,0
DA:250,0
DA:252,0
DA:253,0
DA:254,0
DA:255,0
DA:257,0
DA:262,0
DA:263,0
DA:264,0
DA:265,0
DA:267,0
DA:271,0
DA:272,0
DA:273,0
DA:274,0
DA:277,0
DA:278,0
DA:280,0
DA:284,0
DA:285,0
DA:288,0
DA:289,0
DA:299,0
DA:300,0
DA:310,0
DA:311,0
DA:321,0
DA:325,0
DA:326,0
DA:329,0
DA:331,0
DA:332,0
DA:333,0
DA:335,0
DA:336,0
DA:337,0
DA:339,0
DA:340,0
DA:341,0
DA:343,0
DA:344,0
DA:347,0
DA:348,0
DA:349,0
DA:358,0
DA:362,0
DA:363,0
DA:365,0
DA:396,0
DA:397,0
DA:398,0
DA:399,0
DA:401,0
DA:415,0
LF:109
LH:0
BRDA:44,0,0,0
BRDA:44,0,1,0
BRDA:48,1,0,0
BRDA:48,1,1,0
BRDA:77,2,0,0
BRDA:77,2,1,0
BRDA:120,3,0,0
BRDA:120,3,1,0
BRDA:141,4,0,0
BRDA:149,5,0,0
BRDA:149,5,1,0
BRDA:153,6,0,0
BRDA:153,6,1,0
BRDA:189,7,0,0
BRDA:215,8,0,0
BRDA:215,8,1,0
BRDA:232,9,0,0
BRDA:232,10,0,0
BRDA:252,11,0,0
BRDA:252,11,1,0
BRDA:254,12,0,0
BRDA:254,12,1,0
BRDA:265,13,0,0
BRDA:265,13,1,0
BRDA:274,14,0,0
BRDA:274,14,1,0
BRDA:288,15,0,0
BRDA:288,15,1,0
BRDA:299,16,0,0
BRDA:299,16,1,0
BRDA:310,17,0,0
BRDA:310,17,1,0
BRDA:329,18,0,0
BRDA:329,18,1,0
BRDA:329,18,2,0
BRDA:329,18,3,0
BRDA:362,19,0,0
BRDA:362,19,1,0
BRF:38
BRH:0
end_of_record
TN:
SF:routes\user.js
FN:47,(anonymous_0)
FN:55,(anonymous_1)
FN:72,(anonymous_2)
FN:80,(anonymous_3)
FN:86,(anonymous_4)
FN:109,(anonymous_5)
FN:126,(anonymous_6)
FN:183,(anonymous_7)
FN:238,(anonymous_8)
FN:291,(anonymous_9)
FN:315,(anonymous_10)
FN:323,(anonymous_11)
FNF:12
FNH:0
FNDA:0,(anonymous_0)
FNDA:0,(anonymous_1)
FNDA:0,(anonymous_2)
FNDA:0,(anonymous_3)
FNDA:0,(anonymous_4)
FNDA:0,(anonymous_5)
FNDA:0,(anonymous_6)
FNDA:0,(anonymous_7)
FNDA:0,(anonymous_8)
FNDA:0,(anonymous_9)
FNDA:0,(anonymous_10)
FNDA:0,(anonymous_11)
DA:2,0
DA:5,0
DA:13,0
DA:39,0
DA:47,0
DA:48,0
DA:49,0
DA:50,0
DA:55,0
DA:56,0
DA:57,0
DA:62,0
DA:63,0
DA:72,0
DA:73,0
DA:74,0
DA:76,0
DA:78,0
DA:79,0
DA:80,0
DA:85,0
DA:86,0
DA:90,0
DA:91,0
DA:94,0
DA:99,0
DA:100,0
DA:109,0
DA:110,0
DA:111,0
DA:116,0
DA:117,0
DA:126,0
DA:127,0
DA:128,0
DA:131,0
DA:137,0
DA:139,0
DA:140,0
DA:141,0
DA:146,0
DA:149,0
DA:156,0
DA:159,0
DA:162,0
DA:167,0
DA:173,0
DA:174,0
DA:183,0
DA:184,0
DA:185,0
DA:187,0
DA:188,0
DA:194,0
DA:202,0
DA:203,0
DA:206,0
DA:207,0
DA:208,0
DA:209,0
DA:210,0
DA:211,0
DA:212,0
DA:217,0
DA:222,0
DA:228,0
DA:229,0
DA:238,0
DA:239,0
DA:240,0
DA:242,0
DA:243,0
DA:249,0
DA:259,0
DA:266,0
DA:267,0
DA:270,0
DA:271,0
DA:275,0
DA:281,0
DA:282,0
DA:291,0
DA:292,0
DA:293,0
DA:300,0
DA:305,0
DA:306,0
DA:315,0
DA:316,0
DA:317,0
DA:319,0
DA:320,0
DA:323,0
DA:324,0
DA:325,0
DA:328,0
DA:330,0
DA:339,0
DA:340,0
LF:99
LH:0
BRDA:49,0,0,0
BRDA:49,0,1,0
BRDA:74,1,0,0
BRDA:78,2,0,0
BRDA:78,2,1,0
BRDA:78,3,0,0
BRDA:78,3,1,0
BRDA:90,4,0,0
BRDA:90,4,1,0
BRDA:140,5,0,0
BRDA:140,5,1,0
BRDA:185,6,0,0
BRDA:187,7,0,0
BRDA:187,7,1,0
BRDA:187,8,0,0
BRDA:187,8,1,0
BRDA:206,9,0,0
BRDA:206,9,1,0
BRDA:208,10,0,0
BRDA:208,10,1,0
BRDA:208,11,0,0
BRDA:208,11,1,0
BRDA:211,12,0,0
BRDA:211,12,1,0
BRDA:240,13,0,0
BRDA:240,14,0,0
BRDA:242,15,0,0
BRDA:242,15,1,0
BRDA:251,16,0,0
BRDA:251,16,1,0
BRDA:317,17,0,0
BRF:31
BRH:0
end_of_record
TN:
SF:routes\userFeedback.js
FN:16,(anonymous_0)
FN:23,(anonymous_1)
FN:28,(anonymous_2)
FN:32,(anonymous_3)
FN:52,(anonymous_4)
FN:86,(anonymous_5)
FN:149,(anonymous_6)
FN:198,(anonymous_7)
FN:222,(anonymous_8)
FN:228,(anonymous_9)
FN:229,(anonymous_10)
FN:230,(anonymous_11)
FN:231,(anonymous_12)
FN:234,(anonymous_13)
FN:235,(anonymous_14)
FN:236,(anonymous_15)
FN:239,(anonymous_16)
FNF:17
FNH:0
FNDA:0,(anonymous_0)
FNDA:0,(anonymous_1)
FNDA:0,(anonymous_2)
FNDA:0,(anonymous_3)
FNDA:0,(anonymous_4)
FNDA:0,(anonymous_5)
FNDA:0,(anonymous_6)
FNDA:0,(anonymous_7)
FNDA:0,(anonymous_8)
FNDA:0,(anonymous_9)
FNDA:0,(anonymous_10)
FNDA:0,(anonymous_11)
FNDA:0,(anonymous_12)
FNDA:0,(anonymous_13)
FNDA:0,(anonymous_14)
FNDA:0,(anonymous_15)
FNDA:0,(anonymous_16)
DA:10,0
DA:13,0
DA:16,0
DA:17,0
DA:19,0
DA:22,0
DA:23,0
DA:27,0
DA:28,0
DA:32,0
DA:35,0
DA:36,0
DA:41,0
DA:52,0
DA:53,0
DA:54,0
DA:56,0
DA:57,0
DA:63,0
DA:71,0
DA:87,0
DA:88,0
DA:89,0
DA:102,0
DA:104,0
DA:105,0
DA:121,0
DA:124,0
DA:125,0
DA:128,0
DA:140,0
DA:150,0
DA:151,0
DA:152,0
DA:158,0
DA:159,0
DA:161,0
DA:162,0
DA:163,0
DA:170,0
DA:171,0
DA:173,0
DA:174,0
DA:177,0
DA:178,0
DA:179,0
DA:182,0
DA:185,0
DA:186,0
DA:189,0
DA:198,0
DA:199,0
DA:201,0
DA:202,0
DA:208,0
DA:211,0
DA:212,0
DA:215,0
DA:222,0
DA:223,0
DA:225,0
DA:228,0
DA:229,0
DA:230,0
DA:231,0
DA:234,0
DA:235,0
DA:236,0
DA:239,0
DA:243,0
LF:70
LH:0
BRDA:17,0,0,0
BRDA:17,1,0,0
BRDA:22,2,0,0
BRDA:22,2,1,0
BRDA:22,3,0,0
BRDA:22,3,1,0
BRDA:27,4,0,0
BRDA:27,4,1,0
BRDA:27,5,0,0
BRDA:27,5,1,0
BRDA:56,6,0,0
BRDA:56,6,1,0
BRDA:88,7,0,0
BRDA:88,7,1,0
BRDA:98,8,0,0
BRDA:112,9,0,0
BRDA:112,9,1,0
BRDA:124,10,0,0
BRDA:124,10,1,0
BRDA:151,11,0,0
BRDA:151,11,1,0
BRDA:162,12,0,0
BRDA:162,12,1,0
BRDA:173,13,0,0
BRDA:173,13,1,0
BRDA:177,14,0,0
BRDA:177,14,1,0
BRDA:179,15,0,0
BRDA:179,15,1,0
BRDA:185,16,0,0
BRDA:185,16,1,0
BRDA:201,17,0,0
BRDA:201,17,1,0
BRDA:211,18,0,0
BRDA:211,18,1,0
BRF:35
BRH:0
end_of_record
TN:
SF:routes\victims.js
FN:17,(anonymous_0)
FN:24,(anonymous_1)
FN:32,(anonymous_2)
FN:128,(anonymous_3)
FN:129,(anonymous_4)
FN:151,(anonymous_5)
FN:173,(anonymous_6)
FN:218,(anonymous_7)
FN:236,(anonymous_8)
FN:269,(anonymous_9)
FN:308,(anonymous_10)
FN:343,(anonymous_11)
FN:369,(anonymous_12)
FN:402,simulateCommandExecution
FN:459,generateMockFileSystem
FNF:15
FNH:0
FNDA:0,(anonymous_0)
FNDA:0,(anonymous_1)
FNDA:0,(anonymous_2)
FNDA:0,(anonymous_3)
FNDA:0,(anonymous_4)
FNDA:0,(anonymous_5)
FNDA:0,(anonymous_6)
FNDA:0,(anonymous_7)
FNDA:0,(anonymous_8)
FNDA:0,(anonymous_9)
FNDA:0,(anonymous_10)
FNDA:0,(anonymous_11)
FNDA:0,(anonymous_12)
FNDA:0,simulateCommandExecution
FNDA:0,generateMockFileSystem
DA:13,0
DA:16,0
DA:18,0
DA:19,0
DA:20,0
DA:22,0
DA:25,0
DA:29,0
DA:34,0
DA:39,0
DA:125,0
DA:128,0
DA:129,0
DA:142,0
DA:151,0
DA:152,0
DA:153,0
DA:155,0
DA:156,0
DA:162,0
DA:170,0
DA:174,0
DA:175,0
DA:176,0
DA:182,0
DA:183,0
DA:185,0
DA:186,0
DA:187,0
DA:193,0
DA:194,0
DA:200,0
DA:201,0
DA:212,0
DA:213,0
DA:215,0
DA:218,0
DA:219,0
DA:220,0
DA:221,0
DA:222,0
DA:225,0
DA:236,0
DA:237,0
DA:238,0
DA:240,0
DA:241,0
DA:242,0
DA:249,0
DA:251,0
DA:267,0
DA:270,0
DA:271,0
DA:272,0
DA:278,0
DA:279,0
DA:281,0
DA:282,0
DA:283,0
DA:290,0
DA:291,0
DA:293,0
DA:308,0
DA:309,0
DA:310,0
DA:312,0
DA:313,0
DA:314,0
DA:320,0
DA:321,0
DA:327,0
DA:329,0
DA:343,0
DA:344,0
DA:345,0
DA:347,0
DA:348,0
DA:349,0
DA:355,0
DA:356,0
DA:358,0
DA:367,0
DA:370,0
DA:371,0
DA:372,0
DA:378,0
DA:379,0
DA:381,0
DA:382,0
DA:383,0
DA:390,0
DA:391,0
DA:392,0
DA:394,0
DA:403,0
DA:452,0
DA:460,0
DA:506,0
DA:507,0
DA:525,0
LF:100
LH:0
BRDA:19,0,0,0
BRDA:19,0,1,0
BRDA:155,1,0,0
BRDA:155,1,1,0
BRDA:175,2,0,0
BRDA:175,2,1,0
BRDA:183,3,0,0
BRDA:186,4,0,0
BRDA:186,4,1,0
BRDA:193,5,0,0
BRDA:193,5,1,0
BRDA:212,6,0,0
BRDA:212,6,1,0
BRDA:238,7,0,0
BRDA:241,8,0,0
BRDA:241,8,1,0
BRDA:271,9,0,0
BRDA:271,9,1,0
BRDA:282,10,0,0
BRDA:282,10,1,0
BRDA:313,11,0,0
BRDA:313,11,1,0
BRDA:320,12,0,0
BRDA:320,12,1,0
BRDA:334,13,0,0
BRDA:334,13,1,0
BRDA:345,14,0,0
BRDA:348,15,0,0
BRDA:348,15,1,0
BRDA:355,16,0,0
BRDA:355,16,1,0
BRDA:371,17,0,0
BRDA:371,17,1,0
BRDA:382,18,0,0
BRDA:382,18,1,0
BRDA:415,19,0,0
BRDA:415,19,1,0
BRDA:423,20,0,0
BRDA:423,20,1,0
BRDA:424,21,0,0
BRDA:424,21,1,0
BRDA:424,22,0,0
BRDA:424,22,1,0
BRDA:430,23,0,0
BRDA:430,23,1,0
BRDA:431,24,0,0
BRDA:431,24,1,0
BRDA:437,25,0,0
BRDA:437,25,1,0
BRDA:452,26,0,0
BRDA:452,26,1,0
BRDA:506,27,0,0
BRDA:506,27,1,0
BRF:53
BRH:0
end_of_record
TN:
SF:services\DatabaseService.js
FN:13,(anonymous_0)
FN:20,(anonymous_1)
FN:28,(anonymous_2)
FN:53,(anonymous_3)
FN:69,(anonymous_4)
FN:81,(anonymous_5)
FN:87,(anonymous_6)
FN:223,(anonymous_7)
FN:254,(anonymous_8)
FN:272,(anonymous_9)
FN:281,(anonymous_10)
FN:289,(anonymous_11)
FN:294,(anonymous_12)
FN:309,(anonymous_13)
FN:317,(anonymous_14)
FN:327,(anonymous_15)
FN:337,(anonymous_16)
FN:352,(anonymous_17)
FN:369,(anonymous_18)
FN:379,(anonymous_19)
FN:387,(anonymous_20)
FN:400,(anonymous_21)
FN:407,(anonymous_22)
FN:415,(anonymous_23)
FN:422,(anonymous_24)
FN:428,(anonymous_25)
FN:435,(anonymous_26)
FN:448,(anonymous_27)
FNF:28
FNH:0
FNDA:0,(anonymous_0)
FNDA:0,(anonymous_1)
FNDA:0,(anonymous_2)
FNDA:0,(anonymous_3)
FNDA:0,(anonymous_4)
FNDA:0,(anonymous_5)
FNDA:0,(anonymous_6)
FNDA:0,(anonymous_7)
FNDA:0,(anonymous_8)
FNDA:0,(anonymous_9)
FNDA:0,(anonymous_10)
FNDA:0,(anonymous_11)
FNDA:0,(anonymous_12)
FNDA:0,(anonymous_13)
FNDA:0,(anonymous_14)
FNDA:0,(anonymous_15)
FNDA:0,(anonymous_16)
FNDA:0,(anonymous_17)
FNDA:0,(anonymous_18)
FNDA:0,(anonymous_19)
FNDA:0,(anonymous_20)
FNDA:0,(anonymous_21)
FNDA:0,(anonymous_22)
FNDA:0,(anonymous_23)
FNDA:0,(anonymous_24)
FNDA:0,(anonymous_25)
FNDA:0,(anonymous_26)
FNDA:0,(anonymous_27)
DA:14,0
DA:15,0
DA:16,0
DA:17,0
DA:21,0
DA:22,0
DA:23,0
DA:24,0
DA:25,0
DA:29,0
DA:30,0
DA:32,0
DA:33,0
DA:35,0
DA:36,0
DA:38,0
DA:39,0
DA:41,0
DA:44,0
DA:45,0
DA:46,0
DA:48,0
DA:49,0
DA:54,0
DA:55,0
DA:58,0
DA:60,0
DA:63,0
DA:64,0
DA:65,0
DA:66,0
DA:70,0
DA:71,0
DA:82,0
DA:83,0
DA:84,0
DA:88,0
DA:89,0
DA:90,0
DA:93,0
DA:215,0
DA:216,0
DA:220,0
DA:224,0
DA:235,0
DA:236,0
DA:240,0
DA:243,0
DA:246,0
DA:249,0
DA:255,0
DA:256,0
DA:266,0
DA:267,0
DA:273,0
DA:278,0
DA:281,0
DA:282,0
DA:283,0
DA:289,0
DA:290,0
DA:291,0
DA:294,0
DA:295,0
DA:297,0
DA:310,0
DA:311,0
DA:312,0
DA:315,0
DA:316,0
DA:317,0
DA:319,0
DA:322,0
DA:324,0
DA:328,0
DA:329,0
DA:332,0
DA:333,0
DA:334,0
DA:338,0
DA:339,0
DA:341,0
DA:342,0
DA:344,0
DA:347,0
DA:348,0
DA:350,0
DA:351,0
DA:352,0
DA:354,0
DA:355,0
DA:358,0
DA:359,0
DA:362,0
DA:363,0
DA:366,0
DA:370,0
DA:371,0
DA:374,0
DA:377,0
DA:378,0
DA:379,0
DA:381,0
DA:382,0
DA:384,0
DA:388,0
DA:389,0
DA:390,0
DA:393,0
DA:394,0
DA:396,0
DA:401,0
DA:408,0
DA:416,0
DA:417,0
DA:419,0
DA:423,0
DA:429,0
DA:436,0
DA:449,0
DA:450,0
DA:451,0
DA:452,0
DA:453,0
DA:455,0
LF:125
LH:0
BRDA:21,0,0,0
BRDA:21,0,1,0
BRDA:22,1,0,0
BRDA:22,1,1,0
BRDA:23,2,0,0
BRDA:23,2,1,0
BRDA:24,3,0,0
BRDA:24,3,1,0
BRDA:30,4,0,0
BRDA:30,4,1,0
BRDA:30,4,2,0
BRDA:30,4,3,0
BRDA:73,5,0,0
BRDA:73,5,1,0
BRDA:88,6,0,0
BRDA:88,6,1,0
BRDA:255,7,0,0
BRDA:255,7,1,0
BRDA:272,8,0,0
BRDA:273,9,0,0
BRDA:273,9,1,0
BRDA:274,10,0,0
BRDA:274,10,1,0
BRDA:274,10,2,0
BRDA:282,11,0,0
BRDA:282,11,1,0
BRDA:283,12,0,0
BRDA:283,12,1,0
BRDA:290,13,0,0
BRDA:290,13,1,0
BRDA:295,14,0,0
BRDA:295,14,1,0
BRDA:310,15,0,0
BRDA:310,15,1,0
BRDA:328,16,0,0
BRDA:328,16,1,0
BRDA:334,17,0,0
BRDA:334,17,1,0
BRDA:337,18,0,0
BRDA:337,19,0,0
BRDA:338,20,0,0
BRDA:338,20,1,0
BRDA:341,21,0,0
BRDA:341,21,1,0
BRDA:342,22,0,0
BRDA:342,22,1,0
BRDA:350,23,0,0
BRDA:350,23,1,0
BRDA:358,24,0,0
BRDA:358,24,1,0
BRDA:362,25,0,0
BRDA:362,25,1,0
BRDA:370,26,0,0
BRDA:370,26,1,0
BRDA:388,27,0,0
BRDA:388,27,1,0
BRDA:400,28,0,0
BRDA:415,29,0,0
BRDA:417,30,0,0
BRDA:417,30,1,0
BRDA:422,31,0,0
BRDA:435,32,0,0
BRDA:449,33,0,0
BRDA:449,33,1,0
BRDA:450,34,0,0
BRDA:450,34,1,0
BRDA:452,35,0,0
BRDA:452,35,1,0
BRF:68
BRH:0
end_of_record
TN:
SF:services\MonitoringService.js
FN:12,(anonymous_0)
FN:32,(anonymous_1)
FN:42,(anonymous_2)
FN:53,(anonymous_3)
FN:54,(anonymous_4)
FN:61,(anonymous_5)
FN:105,(anonymous_6)
FN:110,(anonymous_7)
FN:124,(anonymous_8)
FN:138,(anonymous_9)
FN:153,(anonymous_10)
FN:156,(anonymous_11)
FN:160,(anonymous_12)
FN:165,(anonymous_13)
FN:170,(anonymous_14)
FN:193,(anonymous_15)
FN:201,(anonymous_16)
FN:240,(anonymous_17)
FN:272,(anonymous_18)
FN:284,(anonymous_19)
FN:296,(anonymous_20)
FN:297,(anonymous_21)
FN:301,(anonymous_22)
FN:312,(anonymous_23)
FN:315,(anonymous_24)
FN:316,(anonymous_25)
FN:319,(anonymous_26)
FN:320,(anonymous_27)
FN:329,(anonymous_28)
FN:341,(anonymous_29)
FN:345,(anonymous_30)
FN:353,(anonymous_31)
FN:354,(anonymous_32)
FN:390,(anonymous_33)
FN:408,(anonymous_34)
FN:453,(anonymous_35)
FN:454,(anonymous_36)
FN:462,(anonymous_37)
FNF:38
FNH:0
FNDA:0,(anonymous_0)
FNDA:0,(anonymous_1)
FNDA:0,(anonymous_2)
FNDA:0,(anonymous_3)
FNDA:0,(anonymous_4)
FNDA:0,(anonymous_5)
FNDA:0,(anonymous_6)
FNDA:0,(anonymous_7)
FNDA:0,(anonymous_8)
FNDA:0,(anonymous_9)
FNDA:0,(anonymous_10)
FNDA:0,(anonymous_11)
FNDA:0,(anonymous_12)
FNDA:0,(anonymous_13)
FNDA:0,(anonymous_14)
FNDA:0,(anonymous_15)
FNDA:0,(anonymous_16)
FNDA:0,(anonymous_17)
FNDA:0,(anonymous_18)
FNDA:0,(anonymous_19)
FNDA:0,(anonymous_20)
FNDA:0,(anonymous_21)
FNDA:0,(anonymous_22)
FNDA:0,(anonymous_23)
FNDA:0,(anonymous_24)
FNDA:0,(anonymous_25)
FNDA:0,(anonymous_26)
FNDA:0,(anonymous_27)
FNDA:0,(anonymous_28)
FNDA:0,(anonymous_29)
FNDA:0,(anonymous_30)
FNDA:0,(anonymous_31)
FNDA:0,(anonymous_32)
FNDA:0,(anonymous_33)
FNDA:0,(anonymous_34)
FNDA:0,(anonymous_35)
FNDA:0,(anonymous_36)
FNDA:0,(anonymous_37)
DA:13,0
DA:14,0
DA:15,0
DA:16,0
DA:24,0
DA:25,0
DA:26,0
DA:27,0
DA:28,0
DA:29,0
DA:33,0
DA:35,0
DA:36,0
DA:37,0
DA:38,0
DA:39,0
DA:43,0
DA:45,0
DA:46,0
DA:47,0
DA:49,0
DA:50,0
DA:54,0
DA:55,0
DA:56,0
DA:57,0
DA:62,0
DA:65,0
DA:66,0
DA:67,0
DA:70,0
DA:71,0
DA:72,0
DA:73,0
DA:75,0
DA:99,0
DA:100,0
DA:102,0
DA:106,0
DA:107,0
DA:108,0
DA:110,0
DA:111,0
DA:112,0
DA:114,0
DA:117,0
DA:118,0
DA:119,0
DA:121,0
DA:125,0
DA:126,0
DA:127,0
DA:128,0
DA:130,0
DA:139,0
DA:140,0
DA:142,0
DA:149,0
DA:154,0
DA:156,0
DA:157,0
DA:161,0
DA:162,0
DA:166,0
DA:167,0
DA:171,0
DA:172,0
DA:175,0
DA:176,0
DA:179,0
DA:180,0
DA:184,0
DA:185,0
DA:194,0
DA:195,0
DA:197,0
DA:202,0
DA:203,0
DA:206,0
DA:207,0
DA:214,0
DA:215,0
DA:222,0
DA:223,0
DA:230,0
DA:233,0
DA:241,0
DA:253,0
DA:256,0
DA:257,0
DA:260,0
DA:263,0
DA:264,0
DA:265,0
DA:266,0
DA:269,0
DA:273,0
DA:281,0
DA:285,0
DA:293,0
DA:297,0
DA:298,0
DA:303,0
DA:304,0
DA:306,0
DA:307,0
DA:308,0
DA:312,0
DA:316,0
DA:320,0
DA:321,0
DA:322,0
DA:323,0
DA:324,0
DA:326,0
DA:330,0
DA:333,0
DA:334,0
DA:335,0
DA:340,0
DA:341,0
DA:346,0
DA:347,0
DA:349,0
DA:350,0
DA:353,0
DA:354,0
DA:356,0
DA:357,0
DA:364,0
DA:365,0
DA:373,0
DA:378,0
DA:384,0
DA:391,0
DA:399,0
DA:401,0
DA:404,0
DA:409,0
DA:411,0
DA:414,0
DA:415,0
DA:416,0
DA:418,0
DA:419,0
DA:420,0
DA:423,0
DA:424,0
DA:425,0
DA:429,0
DA:430,0
DA:431,0
DA:433,0
DA:436,0
DA:437,0
DA:441,0
DA:444,0
DA:445,0
DA:449,0
DA:454,0
DA:455,0
DA:458,0
DA:461,0
DA:462,0
DA:463,0
DA:464,0
DA:465,0
DA:466,0
DA:469,0
LF:169
LH:0
BRDA:33,0,0,0
BRDA:33,0,1,0
BRDA:43,1,0,0
BRDA:43,1,1,0
BRDA:46,2,0,0
BRDA:46,2,1,0
BRDA:154,3,0,0
BRDA:154,3,1,0
BRDA:161,4,0,0
BRDA:161,4,1,0
BRDA:175,5,0,0
BRDA:175,5,1,0
BRDA:179,6,0,0
BRDA:179,6,1,0
BRDA:184,7,0,0
BRDA:184,7,1,0
BRDA:193,8,0,0
BRDA:194,9,0,0
BRDA:194,9,1,0
BRDA:203,10,0,0
BRDA:203,10,1,0
BRDA:206,11,0,0
BRDA:206,11,1,0
BRDA:214,12,0,0
BRDA:214,12,1,0
BRDA:222,13,0,0
BRDA:222,13,1,0
BRDA:230,14,0,0
BRDA:230,14,1,0
BRDA:256,15,0,0
BRDA:256,15,1,0
BRDA:263,16,0,0
BRDA:263,16,1,0
BRDA:265,17,0,0
BRDA:265,17,1,0
BRDA:281,18,0,0
BRDA:281,18,1,0
BRDA:293,19,0,0
BRDA:293,19,1,0
BRDA:298,20,0,0
BRDA:298,20,1,0
BRDA:301,21,0,0
BRDA:307,22,0,0
BRDA:307,22,1,0
BRDA:321,23,0,0
BRDA:321,23,1,0
BRDA:334,24,0,0
BRDA:334,24,1,0
BRDA:341,25,0,0
BRDA:341,25,1,0
BRDA:349,26,0,0
BRDA:349,26,1,0
BRDA:356,27,0,0
BRDA:356,27,1,0
BRDA:364,28,0,0
BRDA:364,28,1,0
BRDA:373,29,0,0
BRDA:373,29,1,0
BRDA:374,30,0,0
BRDA:374,30,1,0
BRDA:374,30,2,0
BRDA:390,31,0,0
BRDA:399,32,0,0
BRDA:399,32,1,0
BRDA:399,32,2,0
BRDA:409,33,0,0
BRDA:409,33,1,0
BRF:67
BRH:0
end_of_record
TN:
SF:services\SecurityService.js
FN:12,(anonymous_0)
FN:42,(anonymous_1)
FN:66,(anonymous_2)
FN:89,(anonymous_3)
FN:100,(anonymous_4)
FN:107,(anonymous_5)
FN:123,(anonymous_6)
FN:134,(anonymous_7)
FN:149,(anonymous_8)
FN:156,(anonymous_9)
FN:163,(anonymous_10)
FN:170,(anonymous_11)
FN:179,(anonymous_12)
FN:196,(anonymous_13)
FN:246,(anonymous_14)
FN:257,(anonymous_15)
FN:264,(anonymous_16)
FN:277,(anonymous_17)
FN:290,(anonymous_18)
FN:313,(anonymous_19)
FN:337,(anonymous_20)
FN:350,(anonymous_21)
FNF:22
FNH:0
FNDA:0,(anonymous_0)
FNDA:0,(anonymous_1)
FNDA:0,(anonymous_2)
FNDA:0,(anonymous_3)
FNDA:0,(anonymous_4)
FNDA:0,(anonymous_5)
FNDA:0,(anonymous_6)
FNDA:0,(anonymous_7)
FNDA:0,(anonymous_8)
FNDA:0,(anonymous_9)
FNDA:0,(anonymous_10)
FNDA:0,(anonymous_11)
FNDA:0,(anonymous_12)
FNDA:0,(anonymous_13)
FNDA:0,(anonymous_14)
FNDA:0,(anonymous_15)
FNDA:0,(anonymous_16)
FNDA:0,(anonymous_17)
FNDA:0,(anonymous_18)
FNDA:0,(anonymous_19)
FNDA:0,(anonymous_20)
FNDA:0,(anonymous_21)
DA:13,0
DA:14,0
DA:15,0
DA:16,0
DA:17,0
DA:20,0
DA:21,0
DA:24,0
DA:35,0
DA:36,0
DA:43,0
DA:44,0
DA:45,0
DA:46,0
DA:48,0
DA:49,0
DA:51,0
DA:53,0
DA:59,0
DA:67,0
DA:68,0
DA:69,0
DA:74,0
DA:75,0
DA:77,0
DA:78,0
DA:80,0
DA:82,0
DA:90,0
DA:91,0
DA:94,0
DA:101,0
DA:108,0
DA:114,0
DA:124,0
DA:125,0
DA:127,0
DA:135,0
DA:141,0
DA:150,0
DA:157,0
DA:164,0
DA:171,0
DA:172,0
DA:173,0
DA:180,0
DA:181,0
DA:185,0
DA:186,0
DA:187,0
DA:188,0
DA:190,0
DA:197,0
DA:199,0
DA:200,0
DA:203,0
DA:206,0
DA:207,0
DA:208,0
DA:217,0
DA:218,0
DA:219,0
DA:223,0
DA:224,0
DA:229,0
DA:237,0
DA:247,0
DA:248,0
DA:249,0
DA:251,0
DA:258,0
DA:265,0
DA:267,0
DA:278,0
DA:284,0
DA:291,0
DA:292,0
DA:300,0
DA:307,0
DA:314,0
DA:316,0
DA:317,0
DA:321,0
DA:322,0
DA:323,0
DA:324,0
DA:328,0
DA:329,0
DA:331,0
DA:338,0
DA:340,0
DA:341,0
DA:342,0
DA:351,0
LF:94
LH:0
BRDA:90,0,0,0
BRDA:90,0,1,0
BRDA:107,1,0,0
BRDA:163,2,0,0
BRDA:170,3,0,0
BRDA:180,4,0,0
BRDA:180,4,1,0
BRDA:180,5,0,0
BRDA:180,5,1,0
BRDA:190,6,0,0
BRDA:190,6,1,0
BRDA:190,6,2,0
BRDA:190,6,3,0
BRDA:199,7,0,0
BRDA:199,7,1,0
BRDA:206,8,0,0
BRDA:206,8,1,0
BRDA:206,9,0,0
BRDA:206,9,1,0
BRDA:217,10,0,0
BRDA:217,10,1,0
BRDA:217,11,0,0
BRDA:217,11,1,0
BRDA:223,12,0,0
BRDA:223,12,1,0
BRDA:247,13,0,0
BRDA:247,13,1,0
BRDA:265,14,0,0
BRDA:265,14,1,0
BRDA:290,15,0,0
BRDA:316,16,0,0
BRDA:316,16,1,0
BRDA:322,17,0,0
BRDA:322,17,1,0
BRDA:341,18,0,0
BRDA:341,18,1,0
BRF:36
BRH:0
end_of_record
TN:
SF:services\TelegramService.js
FN:12,(anonymous_0)
FN:31,(anonymous_1)
FN:48,(anonymous_2)
FN:58,(anonymous_3)
FN:60,(anonymous_4)
FN:61,(anonymous_5)
FN:73,(anonymous_6)
FN:90,(anonymous_7)
FN:108,(anonymous_8)
FN:126,(anonymous_9)
FN:145,(anonymous_10)
FN:164,(anonymous_11)
FN:183,(anonymous_12)
FN:208,(anonymous_13)
FNF:14
FNH:0
FNDA:0,(anonymous_0)
FNDA:0,(anonymous_1)
FNDA:0,(anonymous_2)
FNDA:0,(anonymous_3)
FNDA:0,(anonymous_4)
FNDA:0,(anonymous_5)
FNDA:0,(anonymous_6)
FNDA:0,(anonymous_7)
FNDA:0,(anonymous_8)
FNDA:0,(anonymous_9)
FNDA:0,(anonymous_10)
FNDA:0,(anonymous_11)
FNDA:0,(anonymous_12)
FNDA:0,(anonymous_13)
DA:9,0
DA:13,0
DA:14,0
DA:15,0
DA:17,0
DA:18,0
DA:19,0
DA:22,0
DA:23,0
[...]
DA:212,0
DA:215,0
DA:216,0
DA:219,0
DA:220,0
DA:221,0
DA:222,0
DA:234,0
DA:235,0
DA:239,0
DA:244,0
DA:248,0
DA:253,0
DA:257,0
DA:261,0
DA:265,0
DA:269,0
DA:273,0
DA:278,0
DA:281,0
DA:286,0
DA:295,0
DA:304,0
DA:315,0
DA:318,0
DA:320,0
LF:76
LH:0
BRDA:45,0,0,0
BRDA:45,0,1,0
BRDA:57,1,0,0
BRDA:57,1,1,0
BRDA:57,2,0,0
BRDA:57,2,1,0
BRDA:90,3,0,0
BRDA:90,3,1,0
BRDA:127,4,0,0
BRDA:127,4,1,0
BRDA:133,5,0,0
BRDA:133,5,1,0
BRDA:151,6,0,0
BRDA:151,6,1,0
BRDA:154,7,0,0
BRDA:154,7,1,0
BRDA:155,8,0,0
BRDA:155,8,1,0
BRDA:196,9,0,0
BRDA:196,9,1,0
BRDA:211,10,0,0
BRDA:211,10,1,0
BRDA:216,11,0,0
BRDA:216,11,1,0
BRDA:219,12,0,0
BRDA:219,12,1,0
BRDA:221,13,0,0
BRDA:221,13,1,0
BRDA:234,14,0,0
BRDA:234,14,1,0
BRDA:234,15,0,0
BRDA:234,15,1,0
BRDA:239,16,0,0
BRDA:239,16,1,0
BRDA:240,17,0,0
BRDA:240,17,1,0
BRDA:240,17,2,0
BRDA:248,18,0,0
BRDA:248,18,1,0
BRDA:249,19,0,0
BRDA:249,19,1,0
BRDA:249,19,2,0
BRDA:257,20,0,0
BRDA:257,20,1,0
BRDA:258,21,0,0
BRDA:258,21,1,0
BRDA:265,22,0,0
BRDA:265,22,1,0
BRDA:266,23,0,0
BRDA:266,23,1,0
BRDA:273,24,0,0
BRDA:273,24,1,0
BRDA:274,25,0,0
BRDA:274,25,1,0
BRDA:274,25,2,0
BRDA:306,26,0,0
BRDA:306,26,1,0
BRDA:327,27,0,0
BRDA:327,27,1,0
BRF:59
BRH:0
end_of_record
TN:
SF:services\monitoring.js
FN:9,(anonymous_0)
FN:52,(anonymous_1)
FN:80,(anonymous_2)
FN:93,(anonymous_3)
FN:103,(anonymous_4)
FN:108,(anonymous_5)
FN:113,(anonymous_6)
FN:118,(anonymous_7)
FN:124,(anonymous_8)
FN:150,(anonymous_9)
FN:193,(anonymous_10)
FN:202,(anonymous_11)
FN:212,(anonymous_12)
FN:222,(anonymous_13)
FN:252,(anonymous_14)
FN:254,(anonymous_15)
FN:284,(anonymous_16)
FN:294,(anonymous_17)
FN:317,(anonymous_18)
FN:319,(anonymous_19)
FN:321,(anonymous_20)
FN:324,(anonymous_21)
FN:326,(anonymous_22)
FN:327,(anonymous_23)
FN:330,(anonymous_24)
FN:361,(anonymous_25)
FN:362,(anonymous_26)
FN:367,(anonymous_27)
FNF:28
FNH:0
FNDA:0,(anonymous_0)
FNDA:0,(anonymous_1)
FNDA:0,(anonymous_2)
FNDA:0,(anonymous_3)
FNDA:0,(anonymous_4)
FNDA:0,(anonymous_5)
FNDA:0,(anonymous_6)
FNDA:0,(anonymous_7)
FNDA:0,(anonymous_8)
FNDA:0,(anonymous_9)
FNDA:0,(anonymous_10)
FNDA:0,(anonymous_11)
FNDA:0,(anonymous_12)
FNDA:0,(anonymous_13)
FNDA:0,(anonymous_14)
FNDA:0,(anonymous_15)
FNDA:0,(anonymous_16)
FNDA:0,(anonymous_17)
FNDA:0,(anonymous_18)
FNDA:0,(anonymous_19)
FNDA:0,(anonymous_20)
FNDA:0,(anonymous_21)
FNDA:0,(anonymous_22)
FNDA:0,(anonymous_23)
FNDA:0,(anonymous_24)
FNDA:0,(anonymous_25)
FNDA:0,(anonymous_26)
FNDA:0,(anonymous_27)
DA:10,0
DA:39,0
DA:40,0
DA:48,0
DA:53,0
DA:56,0
DA:57,0
DA:61,0
DA:62,0
DA:66,0
DA:67,0
DA:71,0
DA:74,0
DA:75,0
DA:79,0
DA:80,0
DA:84,0
DA:85,0
DA:89,0
DA:94,0
DA:95,0
DA:98,0
DA:99,0
DA:104,0
DA:109,0
DA:110,0
DA:114,0
DA:115,0
DA:119,0
DA:120,0
DA:125,0
DA:151,0
DA:153,0
DA:157,0
DA:193,0
DA:201,0
DA:202,0
DA:204,0
DA:205,0
DA:208,0
DA:213,0
DA:224,0
DA:225,0
DA:234,0
DA:238,0
DA:242,0
DA:254,0
DA:255,0
DA:258,0
DA:261,0
DA:269,0
DA:270,0
DA:277,0
DA:284,0
DA:285,0
DA:286,0
DA:287,0
DA:289,0
DA:295,0
DA:296,0
DA:298,0
DA:318,0
DA:319,0
DA:321,0
DA:325,0
DA:326,0
DA:327,0
DA:331,0
DA:333,0
DA:334,0
DA:339,0
DA:340,0
DA:345,0
DA:346,0
DA:351,0
DA:352,0
DA:357,0
DA:362,0
DA:363,0
DA:366,0
DA:367,0
DA:368,0
DA:369,0
DA:371,0
DA:374,0
DA:377,0
DA:383,0
LF:87
LH:0
BRDA:56,0,0,0
BRDA:56,0,1,0
BRDA:58,1,0,0
BRDA:58,1,1,0
BRDA:63,2,0,0
BRDA:63,2,1,0
BRDA:66,3,0,0
BRDA:66,3,1,0
BRDA:74,4,0,0
BRDA:74,4,1,0
BRDA:84,5,0,0
BRDA:84,5,1,0
BRDA:98,6,0,0
BRDA:98,6,1,0
BRDA:153,7,0,0
BRDA:153,7,1,0
BRDA:164,8,0,0
BRDA:164,8,1,0
BRDA:173,9,0,0
BRDA:173,9,1,0
BRDA:181,10,0,0
BRDA:181,10,1,0
BRDA:188,11,0,0
BRDA:188,11,1,0
BRDA:192,12,0,0
BRDA:192,12,1,0
BRDA:204,13,0,0
BRDA:204,13,1,0
BRDA:224,14,0,0
BRDA:224,14,1,0
BRDA:234,15,0,0
BRDA:234,15,1,0
BRDA:238,16,0,0
BRDA:238,16,1,0
BRDA:239,17,0,0
BRDA:239,17,1,0
BRDA:258,18,0,0
BRDA:258,18,1,0
BRDA:269,19,0,0
BRDA:269,19,1,0
BRDA:304,20,0,0
BRDA:304,20,1,0
BRDA:333,21,0,0
BRDA:333,21,1,0
BRDA:339,22,0,0
BRDA:339,22,1,0
BRDA:345,23,0,0
BRDA:345,23,1,0
BRDA:351,24,0,0
BRDA:351,24,1,0
BRF:50
BRH:0
end_of_record
TN:
SF:services\realtime-sync.js
FN:11,(anonymous_0)
FN:32,(anonymous_1)
FN:47,(anonymous_2)
FN:48,(anonymous_3)
FN:52,(anonymous_4)
FN:57,(anonymous_5)
FN:62,(anonymous_6)
FN:67,(anonymous_7)
FN:72,(anonymous_8)
FN:78,(anonymous_9)
FN:112,(anonymous_10)
FN:126,(anonymous_11)
FN:153,(anonymous_12)
FN:180,(anonymous_13)
FN:198,(anonymous_14)
FN:214,(anonymous_15)
FN:223,(anonymous_16)
FN:226,(anonymous_17)
FN:235,(anonymous_18)
FN:244,(anonymous_19)
FN:249,(anonymous_20)
FN:259,(anonymous_21)
FN:261,(anonymous_22)
FN:267,(anonymous_23)
FN:272,(anonymous_24)
FN:282,(anonymous_25)
FN:305,(anonymous_26)
FNF:27
FNH:0
FNDA:0,(anonymous_0)
FNDA:0,(anonymous_1)
FNDA:0,(anonymous_2)
FNDA:0,(anonymous_3)
FNDA:0,(anonymous_4)
FNDA:0,(anonymous_5)
FNDA:0,(anonymous_6)
FNDA:0,(anonymous_7)
FNDA:0,(anonymous_8)
FNDA:0,(anonymous_9)
FNDA:0,(anonymous_10)
FNDA:0,(anonymous_11)
FNDA:0,(anonymous_12)
FNDA:0,(anonymous_13)
FNDA:0,(anonymous_14)
FNDA:0,(anonymous_15)
FNDA:0,(anonymous_16)
FNDA:0,(anonymous_17)
FNDA:0,(anonymous_18)
FNDA:0,(anonymous_19)
FNDA:0,(anonymous_20)
FNDA:0,(anonymous_21)
FNDA:0,(anonymous_22)
FNDA:0,(anonymous_23)
FNDA:0,(anonymous_24)
FNDA:0,(anonymous_25)
FNDA:0,(anonymous_26)
DA:12,0
DA:23,0
DA:24,0
DA:25,0
DA:27,0
DA:28,0
DA:29,0
DA:33,0
DA:35,0
DA:36,0
DA:38,0
DA:40,0
DA:41,0
DA:43,0
DA:48,0
DA:49,0
DA:52,0
DA:53,0
DA:57,0
DA:58,0
DA:62,0
DA:63,0
DA:67,0
DA:68,0
DA:72,0
DA:73,0
DA:79,0
DA:81,0
DA:82,0
DA:90,0
DA:91,0
DA:94,0
DA:96,0
DA:97,0
DA:105,0
DA:106,0
DA:109,0
DA:113,0
DA:114,0
DA:116,0
DA:119,0
DA:122,0
DA:125,0
DA:126,0
DA:127,0
DA:135,0
DA:143,0
DA:150,0
DA:154,0
DA:155,0
DA:157,0
DA:160,0
DA:163,0
DA:171,0
DA:174,0
DA:181,0
DA:183,0
DA:185,0
DA:186,0
DA:188,0
DA:189,0
DA:191,0
DA:192,0
DA:194,0
DA:199,0
DA:200,0
DA:208,0
DA:209,0
DA:210,0
DA:215,0
DA:216,0
DA:217,0
DA:218,0
DA:224,0
DA:226,0
DA:228,0
DA:236,0
DA:245,0
DA:246,0
DA:250,0
DA:251,0
DA:253,0
DA:254,0
DA:255,0
DA:261,0
DA:262,0
DA:263,0
DA:267,0
DA:268,0
DA:273,0
DA:274,0
DA:277,0
DA:278,0
DA:283,0
DA:284,0
DA:287,0
DA:288,0
DA:289,0
DA:290,0
DA:291,0
DA:296,0
DA:297,0
DA:298,0
DA:299,0
DA:300,0
DA:306,0
DA:315,0
LF:107
LH:0
BRDA:81,0,0,0
BRDA:81,0,1,0
BRDA:96,1,0,0
BRDA:96,1,1,0
BRDA:114,2,0,0
BRDA:114,2,1,0
BRDA:125,3,0,0
BRDA:125,3,1,0
BRDA:125,4,0,0
BRDA:125,4,1,0
BRDA:146,5,0,0
BRDA:146,5,1,0
BRDA:155,6,0,0
BRDA:155,6,1,0
BRDA:183,7,0,0
BRDA:183,7,1,0
BRDA:183,7,2,0
BRDA:183,7,3,0
BRDA:208,8,0,0
BRDA:208,8,1,0
BRDA:216,9,0,0
BRDA:216,9,1,0
BRDA:253,10,0,0
BRDA:253,10,1,0
BRDA:253,11,0,0
BRDA:253,11,1,0
BRDA:254,12,0,0
BRDA:254,12,1,0
BRDA:277,13,0,0
BRDA:277,13,1,0
BRDA:277,14,0,0
BRDA:277,14,1,0
BRDA:288,15,0,0
BRDA:288,15,1,0
BRDA:297,16,0,0
BRDA:297,16,1,0
BRF:36
BRH:0
end_of_record
TN:
SF:services\retry-manager.js
FN:10,(anonymous_0)
FN:63,(anonymous_1)
FN:138,(anonymous_2)
FN:168,(anonymous_3)
FN:292,(anonymous_4)
FN:300,(anonymous_5)
FN:314,(anonymous_6)
FN:343,(anonymous_7)
FN:360,(anonymous_8)
FN:376,(anonymous_9)
FN:377,(anonymous_10)
FN:386,(anonymous_11)
FN:401,(anonymous_12)
FN:422,(anonymous_13)
FN:434,(anonymous_14)
FN:469,(anonymous_15)
FN:486,(anonymous_16)
FN:532,(anonymous_17)
FN:555,(anonymous_18)
FN:585,(anonymous_19)
FN:616,(anonymous_20)
FN:641,(anonymous_21)
FN:642,(anonymous_22)
FN:648,(anonymous_23)
FN:650,(anonymous_24)
FN:655,(anonymous_25)
FN:660,(anonymous_26)
FN:668,(anonymous_27)
FN:688,(anonymous_28)
FN:709,(anonymous_29)
FN:715,(anonymous_30)
FN:740,(anonymous_31)
FN:742,(anonymous_32)
FN:754,(anonymous_33)
FN:776,(anonymous_34)
FN:792,(anonymous_35)
FN:806,(anonymous_36)
FN:811,(anonymous_37)
FN:812,(anonymous_38)
FN:814,(anonymous_39)
FN:815,(anonymous_40)
FN:820,(anonymous_41)
FN:825,(anonymous_42)
FN:826,(anonymous_43)
FN:827,(anonymous_44)
FN:842,(anonymous_45)
FN:844,(anonymous_46)
FN:850,(anonymous_47)
FN:852,(anonymous_48)
FN:858,(anonymous_49)
FN:873,(anonymous_50)
FNF:51
FNH:0
FNDA:0,(anonymous_0)
FNDA:0,(anonymous_1)
FNDA:0,(anonymous_2)
FNDA:0,(anonymous_3)
FNDA:0,(anonymous_4)
FNDA:0,(anonymous_5)
FNDA:0,(anonymous_6)
FNDA:0,(anonymous_7)
FNDA:0,(anonymous_8)
FNDA:0,(anonymous_9)
FNDA:0,(anonymous_10)
FNDA:0,(anonymous_11)
FNDA:0,(anonymous_12)
FNDA:0,(anonymous_13)
FNDA:0,(anonymous_14)
FNDA:0,(anonymous_15)
FNDA:0,(anonymous_16)
FNDA:0,(anonymous_17)
FNDA:0,(anonymous_18)
FNDA:0,(anonymous_19)
FNDA:0,(anonymous_20)
FNDA:0,(anonymous_21)
FNDA:0,(anonymous_22)
FNDA:0,(anonymous_23)
FNDA:0,(anonymous_24)
FNDA:0,(anonymous_25)
FNDA:0,(anonymous_26)
FNDA:0,(anonymous_27)
FNDA:0,(anonymous_28)
FNDA:0,(anonymous_29)
FNDA:0,(anonymous_30)
FNDA:0,(anonymous_31)
FNDA:0,(anonymous_32)
FNDA:0,(anonymous_33)
FNDA:0,(anonymous_34)
FNDA:0,(anonymous_35)
FNDA:0,(anonymous_36)
FNDA:0,(anonymous_37)
FNDA:0,(anonymous_38)
FNDA:0,(anonymous_39)
FNDA:0,(anonymous_40)
FNDA:0,(anonymous_41)
FNDA:0,(anonymous_42)
FNDA:0,(anonymous_43)
FNDA:0,(anonymous_44)
FNDA:0,(anonymous_45)
FNDA:0,(anonymous_46)
FNDA:0,(anonymous_47)
FNDA:0,(anonymous_48)
FNDA:0,(anonymous_49)
FNDA:0,(anonymous_50)
DA:11,0
DA:12,0
DA:13,0
DA:16,0
DA:17,0
DA:18,0
DA:21,0
DA:57,0
DA:70,0
DA:72,0
DA:73,0
DA:76,0
DA:77,0
DA:80,0
DA:112,0
DA:115,0
DA:118,0
DA:128,0
DA:132,0
DA:140,0
DA:143,0
DA:156,0
DA:158,0
DA:169,0
DA:170,0
DA:171,0
DA:174,0
DA:175,0
DA:176,0
DA:178,0
DA:188,0
DA:189,0
DA:194,0
DA:197,0
DA:199,0
DA:200,0
DA:201,0
DA:202,0
DA:204,0
DA:206,0
DA:207,0
DA:208,0
DA:211,0
DA:213,0
DA:220,0
DA:225,0
DA:228,0
DA:234,0
DA:243,0
DA:248,0
DA:249,0
DA:252,0
DA:253,0
DA:254,0
DA:256,0
DA:263,0
DA:269,0
DA:270,0
DA:271,0
DA:274,0
DA:275,0
DA:277,0
DA:279,0
DA:285,0
DA:286,0
DA:293,0
DA:294,0
DA:297,0
DA:298,0
DA:300,0
DA:301,0
DA:304,0
DA:315,0
DA:316,0
DA:320,0
DA:323,0
DA:326,0
DA:327,0
DA:330,0
DA:334,0
DA:337,0
DA:345,0
DA:346,0
DA:347,0
DA:351,0
DA:354,0
DA:365,0
DA:376,0
DA:377,0
DA:378,0
DA:386,0
DA:387,0
DA:388,0
DA:389,0
DA:390,0
DA:394,0
DA:403,0
DA:409,0
DA:410,0
DA:414,0
DA:415,0
DA:416,0
DA:420,0
DA:421,0
DA:422,0
DA:424,0
DA:428,0
DA:435,0
DA:436,0
DA:437,0
DA:440,0
DA:442,0
DA:444,0
DA:447,0
DA:452,0
DA:453,0
DA:454,0
DA:456,0
DA:459,0
DA:462,0
DA:470,0
DA:471,0
DA:473,0
DA:474,0
DA:476,0
DA:477,0
DA:478,0
DA:487,0
DA:488,0
DA:490,0
DA:491,0
DA:497,0
DA:500,0
DA:501,0
DA:503,0
DA:504,0
DA:505,0
DA:506,0
DA:508,0
DA:512,0
DA:514,0
DA:518,0
DA:526,0
DA:533,0
DA:534,0
DA:536,0
DA:537,0
DA:545,0
DA:548,0
DA:549,0
DA:550,0
DA:551,0
DA:554,0
DA:555,0
DA:559,0
DA:560,0
DA:561,0
DA:563,0
DA:567,0
DA:575,0
DA:587,0
DA:592,0
DA:593,0
DA:595,0
DA:596,0
DA:604,0
DA:605,0
DA:606,0
DA:617,0
DA:620,0
DA:621,0
DA:623,0
DA:627,0
DA:628,0
DA:630,0
DA:634,0
DA:642,0
DA:650,0
DA:651,0
DA:655,0
DA:656,0
DA:660,0
DA:661,0
DA:669,0
DA:670,0
DA:672,0
DA:673,0
DA:675,0
DA:679,0
DA:680,0
DA:689,0
DA:691,0
DA:693,0
DA:698,0
DA:699,0
DA:701,0
DA:711,0
DA:713,0
DA:714,0
DA:715,0
DA:718,0
DA:719,0
DA:729,0
DA:730,0
DA:741,0
DA:742,0
DA:745,0
DA:746,0
DA:747,0
DA:748,0
DA:755,0
DA:767,0
DA:777,0
DA:778,0
DA:780,0
DA:792,0
DA:807,0
DA:809,0
DA:811,0
DA:812,0
DA:814,0
DA:815,0
DA:820,0
DA:825,0
DA:826,0
DA:827,0
DA:843,0
DA:844,0
DA:845,0
DA:847,0
DA:851,0
DA:852,0
DA:853,0
DA:855,0
DA:859,0
DA:860,0
DA:861,0
DA:867,0
DA:874,0
DA:875,0
DA:877,0
DA:878,0
DA:879,0
DA:881,0
DA:887,0
LF:245
LH:0
BRDA:68,0,0,0
BRDA:76,1,0,0
BRDA:76,1,1,0
BRDA:140,2,0,0
BRDA:140,2,1,0
BRDA:156,3,0,0
BRDA:156,3,1,0
BRDA:170,4,0,0
BRDA:170,4,1,0
BRDA:170,5,0,0
BRDA:170,5,1,0
BRDA:202,6,0,0
BRDA:202,6,1,0
BRDA:204,7,0,0
BRDA:204,7,1,0
BRDA:231,8,0,0
BRDA:231,8,1,0
BRDA:243,9,0,0
BRDA:243,9,1,0
BRDA:244,10,0,0
BRDA:244,10,1,0
BRDA:294,11,0,0
BRDA:294,11,1,0
BRDA:330,12,0,0
BRDA:330,12,1,0
BRDA:331,13,0,0
BRDA:331,13,1,0
BRDA:346,14,0,0
BRDA:346,14,1,0
BRDA:387,15,0,0
BRDA:387,15,1,0
BRDA:409,16,0,0
BRDA:409,16,1,0
BRDA:415,17,0,0
BRDA:415,17,1,0
BRDA:420,18,0,0
BRDA:420,18,1,0
BRDA:422,19,0,0
BRDA:422,19,1,0
BRDA:422,20,0,0
BRDA:422,20,1,0
BRDA:436,21,0,0
BRDA:436,21,1,0
BRDA:442,22,0,0
BRDA:442,22,1,0
BRDA:442,22,2,0
BRDA:442,22,3,0
BRDA:447,23,0,0
BRDA:447,23,1,0
BRDA:473,24,0,0
BRDA:473,24,1,0
BRDA:474,25,0,0
BRDA:474,25,1,0
BRDA:490,26,0,0
BRDA:490,26,1,0
BRDA:503,27,0,0
BRDA:503,27,1,0
BRDA:505,28,0,0
BRDA:505,28,1,0
BRDA:508,29,0,0
BRDA:508,29,1,0
BRDA:509,30,0,0
BRDA:509,30,1,0
BRDA:536,31,0,0
BRDA:536,31,1,0
BRDA:559,32,0,0
BRDA:559,32,1,0
BRDA:563,33,0,0
BRDA:563,33,1,0
BRDA:564,34,0,0
BRDA:564,34,1,0
BRDA:593,35,0,0
BRDA:593,35,1,0
BRDA:605,36,0,0
BRDA:605,36,1,0
BRDA:605,37,0,0
BRDA:605,37,1,0
BRDA:617,38,0,0
BRDA:617,38,1,0
BRDA:617,38,2,0
BRDA:620,39,0,0
BRDA:620,39,1,0
BRDA:620,40,0,0
BRDA:620,40,1,0
BRDA:627,41,0,0
BRDA:627,41,1,0
BRDA:675,42,0,0
BRDA:675,42,1,0
BRDA:676,43,0,0
BRDA:676,43,1,0
BRDA:676,43,2,0
BRDA:693,44,0,0
BRDA:693,44,1,0
BRDA:694,45,0,0
BRDA:694,45,1,0
BRDA:694,45,2,0
BRDA:718,46,0,0
BRDA:718,46,1,0
BRDA:729,47,0,0
BRDA:729,47,1,0
BRDA:745,48,0,0
BRDA:745,48,1,0
BRDA:746,49,0,0
BRDA:746,49,1,0
BRDA:747,50,0,0
BRDA:747,50,1,0
BRDA:768,51,0,0
BRDA:768,51,1,0
BRDA:778,52,0,0
BRDA:778,52,1,0
BRDA:819,53,0,0
BRDA:819,53,1,0
BRDA:825,54,0,0
BRDA:825,54,1,0
BRDA:845,55,0,0
BRDA:845,55,1,0
BRDA:853,56,0,0
BRDA:853,56,1,0
BRDA:873,57,0,0
BRDA:875,58,0,0
BRDA:875,58,1,0
BRF:121
BRH:0
end_of_record
TN:
SF:services\state-sync.js
FN:9,(anonymous_0)
FN:23,(anonymous_1)
FN:45,(anonymous_2)
FN:70,(anonymous_3)
FN:95,(anonymous_4)
FN:101,(anonymous_5)
FN:110,(anonymous_6)
FN:119,(anonymous_7)
FN:134,(anonymous_8)
FN:150,(anonymous_9)
FN:161,(anonymous_10)
FN:167,(anonymous_11)
FN:175,(anonymous_12)
FN:187,(anonymous_13)
FN:188,(anonymous_14)
FN:193,(anonymous_15)
FN:198,(anonymous_16)
FN:236,(anonymous_17)
FN:244,(anonymous_18)
FN:249,(anonymous_19)
FN:254,(anonymous_20)
FNF:21
FNH:0
FNDA:0,(anonymous_0)
FNDA:0,(anonymous_1)
FNDA:0,(anonymous_2)
FNDA:0,(anonymous_3)
FNDA:0,(anonymous_4)
FNDA:0,(anonymous_5)
FNDA:0,(anonymous_6)
FNDA:0,(anonymous_7)
FNDA:0,(anonymous_8)
FNDA:0,(anonymous_9)
FNDA:0,(anonymous_10)
FNDA:0,(anonymous_11)
FNDA:0,(anonymous_12)
FNDA:0,(anonymous_13)
FNDA:0,(anonymous_14)
FNDA:0,(anonymous_15)
FNDA:0,(anonymous_16)
FNDA:0,(anonymous_17)
FNDA:0,(anonymous_18)
FNDA:0,(anonymous_19)
FNDA:0,(anonymous_20)
DA:10,0
DA:11,0
DA:12,0
DA:13,0
DA:14,0
DA:16,0
DA:17,0
DA:19,0
DA:24,0
DA:25,0
DA:33,0
DA:36,0
DA:39,0
DA:41,0
DA:46,0
DA:47,0
DA:50,0
DA:51,0
DA:53,0
DA:61,0
DA:64,0
DA:66,0
DA:71,0
DA:72,0
DA:75,0
DA:76,0
DA:78,0
DA:86,0
DA:89,0
DA:91,0
DA:96,0
DA:97,0
DA:102,0
DA:103,0
DA:105,0
DA:106,0
DA:111,0
DA:112,0
DA:114,0
DA:115,0
DA:120,0
DA:127,0
DA:130,0
DA:135,0
DA:137,0
DA:140,0
DA:143,0
DA:146,0
DA:152,0
DA:162,0
DA:163,0
DA:168,0
DA:169,0
DA:172,0
DA:177,0
DA:178,0
DA:179,0
DA:180,0
DA:183,0
DA:188,0
DA:189,0
DA:193,0
DA:194,0
DA:199,0
DA:200,0
DA:203,0
DA:204,0
DA:205,0
DA:210,0
DA:211,0
DA:212,0
DA:213,0
DA:217,0
DA:218,0
DA:223,0
DA:224,0
DA:225,0
DA:226,0
DA:230,0
DA:231,0
DA:237,0
DA:238,0
DA:239,0
DA:241,0
DA:245,0
DA:246,0
DA:250,0
DA:255,0
LF:88
LH:0
BRDA:46,0,0,0
BRDA:46,0,1,0
BRDA:71,1,0,0
BRDA:71,1,1,0
BRDA:97,2,0,0
BRDA:97,2,1,0
BRDA:103,3,0,0
BRDA:103,3,1,0
BRDA:106,4,0,0
BRDA:106,4,1,0
BRDA:112,5,0,0
BRDA:112,5,1,0
BRDA:115,6,0,0
BRDA:115,6,1,0
BRDA:135,7,0,0
BRDA:135,7,1,0
BRDA:135,7,2,0
BRDA:135,7,3,0
BRDA:137,8,0,0
BRDA:137,8,1,0
BRDA:140,9,0,0
BRDA:140,9,1,0
BRDA:177,10,0,0
BRDA:177,10,1,0
BRDA:179,11,0,0
BRDA:179,11,1,0
BRDA:204,12,0,0
BRDA:204,12,1,0
BRDA:212,13,0,0
BRDA:212,13,1,0
BRDA:217,14,0,0
BRDA:217,14,1,0
BRDA:225,15,0,0
BRDA:225,15,1,0
BRDA:230,16,0,0
BRDA:230,16,1,0
BRDA:246,17,0,0
BRDA:246,17,1,0
BRF:38
BRH:0
end_of_record
TN:
SF:services\telegram.js
FN:16,(anonymous_0)
FN:29,(anonymous_1)
FN:54,(anonymous_2)
FN:69,(anonymous_3)
FN:91,(anonymous_4)
FN:111,(anonymous_5)
FN:134,(anonymous_6)
FN:153,(anonymous_7)
FN:170,(anonymous_8)
FN:186,(anonymous_9)
FNF:10
FNH:0
FNDA:0,(anonymous_0)
FNDA:0,(anonymous_1)
FNDA:0,(anonymous_2)
FNDA:0,(anonymous_3)
FNDA:0,(anonymous_4)
FNDA:0,(anonymous_5)
FNDA:0,(anonymous_6)
FNDA:0,(anonymous_7)
FNDA:0,(anonymous_8)
FNDA:0,(anonymous_9)
DA:9,0
DA:11,0
DA:12,0
DA:13,0
DA:17,0
DA:18,0
DA:19,0
DA:21,0
DA:22,0
DA:24,0
DA:25,0
DA:30,0
DA:32,0
DA:33,0
DA:35,0
DA:43,0
DA:47,0
DA:49,0
DA:50,0
DA:55,0
DA:66,0
DA:70,0
DA:72,0
DA:88,0
DA:92,0
DA:94,0
DA:108,0
DA:112,0
DA:120,0
DA:131,0
DA:135,0
DA:150,0
DA:154,0
DA:167,0
DA:171,0
DA:182,0
DA:187,0
DA:188,0
DA:191,0
DA:192,0
DA:195,0
DA:197,0
LF:42
LH:0
BRDA:19,0,0,0
BRDA:19,0,1,0
BRDA:19,0,2,0
BRDA:21,1,0,0
BRDA:21,1,1,0
BRDA:29,2,0,0
BRDA:30,3,0,0
BRDA:30,3,1,0
BRDA:38,4,0,0
BRDA:38,4,1,0
BRDA:39,5,0,0
BRDA:39,5,1,0
BRDA:69,6,0,0
BRDA:82,7,0,0
BRDA:82,7,1,0
BRDA:92,8,0,0
BRDA:92,8,1,0
BRDA:98,9,0,0
BRDA:98,9,1,0
BRDA:99,10,0,0
BRDA:99,10,1,0
BRDA:104,11,0,0
BRDA:104,11,1,0
BRDA:105,12,0,0
BRDA:105,12,1,0
BRDA:121,13,0,0
BRDA:121,13,1,0
BRDA:128,14,0,0
BRDA:128,14,1,0
BRDA:134,15,0,0
BRDA:141,16,0,0
BRDA:141,16,1,0
BRDA:144,17,0,0
BRDA:144,17,1,0
BRDA:153,18,0,0
BRDA:158,19,0,0
BRDA:158,19,1,0
BRDA:182,20,0,0
BRDA:182,20,1,0
BRDA:187,21,0,0
BRDA:187,21,1,0
BRF:41
BRH:0
end_of_record
TN:
SF:services\victims.js
FN:7,(anonymous_0)
FN:12,(anonymous_1)
FN:56,(anonymous_2)
FN:102,(anonymous_3)
FN:144,(anonymous_4)
FN:183,(anonymous_5)
FN:217,(anonymous_6)
FN:254,(anonymous_7)
FN:293,(anonymous_8)
FN:316,(anonymous_9)
FNF:10
FNH:0
FNDA:0,(anonymous_0)
FNDA:0,(anonymous_1)
FNDA:0,(anonymous_2)
FNDA:0,(anonymous_3)
FNDA:0,(anonymous_4)
FNDA:0,(anonymous_5)
FNDA:0,(anonymous_6)
FNDA:0,(anonymous_7)
FNDA:0,(anonymous_8)
FNDA:0,(anonymous_9)
DA:8,0
DA:13,0
DA:52,0
DA:57,0
DA:98,0
DA:103,0
DA:140,0
DA:145,0
DA:179,0
DA:184,0
DA:213,0
DA:218,0
DA:250,0
DA:255,0
DA:257,0
DA:258,0
DA:260,0
DA:262,0
DA:264,0
DA:266,0
DA:268,0
DA:270,0
DA:272,0
DA:274,0
DA:277,0
DA:279,0
DA:281,0
DA:283,0
DA:285,0
DA:287,0
DA:294,0
DA:295,0
DA:296,0
DA:297,0
DA:299,0
DA:300,0
DA:302,0
DA:304,0
DA:305,0
DA:306,0
DA:308,0
DA:309,0
DA:311,0
DA:317,0
DA:319,0
DA:320,0
DA:322,0
DA:324,0
DA:326,0
DA:328,0
DA:330,0
DA:332,0
DA:334,0
DA:336,0
DA:339,0
LF:55
LH:0
BRDA:14,0,0,0
BRDA:14,0,1,0
BRDA:16,1,0,0
BRDA:16,1,1,0
BRDA:20,2,0,0
BRDA:20,2,1,0
BRDA:21,3,0,0
BRDA:21,3,1,0
BRDA:22,4,0,0
BRDA:22,4,1,0
BRDA:23,5,0,0
BRDA:23,5,1,0
BRDA:24,6,0,0
BRDA:24,6,1,0
BRDA:26,7,0,0
BRDA:26,7,1,0
BRDA:29,8,0,0
BRDA:29,8,1,0
BRDA:30,9,0,0
BRDA:30,9,1,0
BRDA:60,10,0,0
BRDA:60,10,1,0
BRDA:65,11,0,0
BRDA:65,11,1,0
BRDA:65,11,2,0
BRDA:65,11,3,0
BRDA:69,12,0,0
BRDA:69,12,1,0
BRDA:70,13,0,0
BRDA:70,13,1,0
BRDA:70,13,2,0
BRDA:71,14,0,0
BRDA:71,14,1,0
BRDA:73,15,0,0
BRDA:73,15,1,0
BRDA:73,15,2,0
BRDA:75,16,0,0
BRDA:75,16,1,0
BRDA:77,17,0,0
BRDA:77,17,1,0
BRDA:79,18,0,0
BRDA:79,18,1,0
BRDA:80,19,0,0
BRDA:80,19,1,0
BRDA:83,20,0,0
BRDA:83,20,1,0
BRDA:85,21,0,0
BRDA:85,21,1,0
BRDA:111,22,0,0
BRDA:111,22,1,0
BRDA:114,23,0,0
BRDA:114,23,1,0
BRDA:116,24,0,0
BRDA:116,24,1,0
BRDA:120,25,0,0
BRDA:120,25,1,0
BRDA:146,26,0,0
BRDA:146,26,1,0
BRDA:156,27,0,0
BRDA:156,27,1,0
BRDA:160,28,0,0
BRDA:160,28,1,0
BRDA:162,29,0,0
BRDA:162,29,1,0
BRDA:191,30,0,0
BRDA:191,30,1,0
BRDA:194,31,0,0
BRDA:194,31,1,0
BRDA:196,32,0,0
BRDA:196,32,1,0
BRDA:197,33,0,0
BRDA:197,33,1,0
BRDA:199,34,0,0
BRDA:199,34,1,0
BRDA:250,35,0,0
BRDA:250,35,1,0
BRDA:257,36,0,0
BRDA:257,36,1,0
BRDA:258,37,0,0
BRDA:258,37,1,0
BRDA:258,37,2,0
BRDA:258,37,3,0
BRDA:258,37,4,0
BRDA:258,37,5,0
BRDA:258,37,6,0
BRDA:258,37,7,0
BRDA:260,38,0,0
BRDA:260,38,1,0
BRDA:262,39,0,0
BRDA:262,39,1,0
BRDA:277,40,0,0
BRDA:277,40,1,0
BRDA:277,40,2,0
BRDA:277,40,3,0
BRDA:277,40,4,0
BRDA:279,41,0,0
BRDA:279,41,1,0
BRDA:281,42,0,0
BRDA:281,42,1,0
BRDA:283,43,0,0
BRDA:283,43,1,0
BRDA:285,44,0,0
BRDA:285,44,1,0
BRDA:287,45,0,0
BRDA:287,45,1,0
BRDA:294,46,0,0
BRDA:294,46,1,0
BRDA:296,47,0,0
BRDA:296,47,1,0
BRDA:299,48,0,0
BRDA:299,48,1,0
BRDA:305,49,0,0
BRDA:305,49,1,0
BRDA:308,50,0,0
BRDA:308,50,1,0
BRDA:319,51,0,0
BRDA:319,51,1,0
BRDA:320,52,0,0
BRDA:320,52,1,0
BRDA:320,52,2,0
BRDA:320,52,3,0
BRDA:320,52,4,0
BRDA:320,52,5,0
BRDA:320,52,6,0
BRDA:320,52,7,0
BRDA:322,53,0,0
BRDA:322,53,1,0
BRDA:324,54,0,0
BRDA:324,54,1,0
BRDA:328,55,0,0
BRDA:328,55,1,0
BRDA:332,56,0,0
BRDA:332,56,1,0
BRDA:339,57,0,0
BRDA:339,57,1,0
BRF:135
BRH:0
end_of_record
